{"/Users/paul/Desktop/dev/stellar-burger/stellar-burgers/src/services/store.ts": {"path":"/Users/paul/Desktop/dev/stellar-burger/stellar-burgers/src/services/store.ts","all":false,"statementMap":{"0":{"start":{"line":1,"column":0},"end":{"line":1,"column":67}},"1":{"start":{"line":2,"column":0},"end":{"line":2,"column":0}},"2":{"start":{"line":3,"column":0},"end":{"line":3,"column":8}},"3":{"start":{"line":4,"column":0},"end":{"line":4,"column":23}},"4":{"start":{"line":5,"column":0},"end":{"line":5,"column":30}},"5":{"start":{"line":6,"column":0},"end":{"line":6,"column":29}},"6":{"start":{"line":7,"column":0},"end":{"line":7,"column":21}},"7":{"start":{"line":8,"column":0},"end":{"line":8,"column":0}},"8":{"start":{"line":9,"column":0},"end":{"line":9,"column":49}},"9":{"start":{"line":10,"column":0},"end":{"line":10,"column":55}},"10":{"start":{"line":11,"column":0},"end":{"line":11,"column":56}},"11":{"start":{"line":12,"column":0},"end":{"line":12,"column":57}},"12":{"start":{"line":13,"column":0},"end":{"line":13,"column":62}},"13":{"start":{"line":14,"column":0},"end":{"line":14,"column":65}},"14":{"start":{"line":15,"column":0},"end":{"line":15,"column":75}},"15":{"start":{"line":16,"column":0},"end":{"line":16,"column":0}},"16":{"start":{"line":17,"column":0},"end":{"line":17,"column":42}},"17":{"start":{"line":18,"column":0},"end":{"line":18,"column":0}},"18":{"start":{"line":19,"column":0},"end":{"line":19,"column":44}},"19":{"start":{"line":20,"column":0},"end":{"line":20,"column":34}},"20":{"start":{"line":21,"column":0},"end":{"line":21,"column":46}},"21":{"start":{"line":22,"column":0},"end":{"line":22,"column":20}},"22":{"start":{"line":23,"column":0},"end":{"line":23,"column":22}},"23":{"start":{"line":24,"column":0},"end":{"line":24,"column":24}},"24":{"start":{"line":25,"column":0},"end":{"line":25,"column":36}},"25":{"start":{"line":26,"column":0},"end":{"line":26,"column":27}},"26":{"start":{"line":27,"column":0},"end":{"line":27,"column":3}},"27":{"start":{"line":28,"column":0},"end":{"line":28,"column":0}},"28":{"start":{"line":29,"column":0},"end":{"line":29,"column":37}},"29":{"start":{"line":30,"column":0},"end":{"line":30,"column":23}},"30":{"start":{"line":31,"column":0},"end":{"line":31,"column":49}},"31":{"start":{"line":32,"column":0},"end":{"line":32,"column":3}},"32":{"start":{"line":33,"column":0},"end":{"line":33,"column":0}},"33":{"start":{"line":34,"column":0},"end":{"line":34,"column":55}},"34":{"start":{"line":35,"column":0},"end":{"line":35,"column":0}},"35":{"start":{"line":36,"column":0},"end":{"line":36,"column":48}},"36":{"start":{"line":37,"column":0},"end":{"line":37,"column":0}},"37":{"start":{"line":38,"column":0},"end":{"line":38,"column":67}},"38":{"start":{"line":39,"column":0},"end":{"line":39,"column":73}},"39":{"start":{"line":40,"column":0},"end":{"line":40,"column":0}},"40":{"start":{"line":41,"column":0},"end":{"line":41,"column":21}}},"s":{"0":1,"1":1,"2":1,"3":1,"4":1,"5":1,"6":1,"7":1,"8":1,"9":1,"10":1,"11":1,"12":1,"13":1,"14":1,"15":1,"16":1,"17":1,"18":1,"19":1,"20":1,"21":1,"22":1,"23":1,"24":1,"25":1,"26":1,"27":1,"28":1,"29":1,"30":1,"31":1,"32":1,"33":1,"34":1,"35":1,"36":1,"37":1,"38":1,"39":1,"40":1},"branchMap":{},"b":{},"fnMap":{"0":{"name":"useDispatch","decl":{"start":{"line":38,"column":46},"end":{"line":38,"column":67}},"loc":{"start":{"line":38,"column":46},"end":{"line":38,"column":67}},"line":38}},"f":{"0":0}}
,"/Users/paul/Desktop/dev/stellar-burger/stellar-burgers/src/services/slices/burgerConstructorSlice.ts": {"path":"/Users/paul/Desktop/dev/stellar-burger/stellar-burgers/src/services/slices/burgerConstructorSlice.ts","all":false,"statementMap":{"0":{"start":{"line":1,"column":0},"end":{"line":1,"column":70}},"1":{"start":{"line":2,"column":0},"end":{"line":2,"column":72}},"2":{"start":{"line":3,"column":0},"end":{"line":3,"column":36}},"3":{"start":{"line":4,"column":0},"end":{"line":4,"column":0}},"4":{"start":{"line":5,"column":0},"end":{"line":5,"column":32}},"5":{"start":{"line":6,"column":0},"end":{"line":6,"column":37}},"6":{"start":{"line":7,"column":0},"end":{"line":7,"column":45}},"7":{"start":{"line":8,"column":0},"end":{"line":8,"column":2}},"8":{"start":{"line":9,"column":0},"end":{"line":9,"column":0}},"9":{"start":{"line":10,"column":0},"end":{"line":10,"column":54}},"10":{"start":{"line":11,"column":0},"end":{"line":11,"column":12}},"11":{"start":{"line":12,"column":0},"end":{"line":12,"column":17}},"12":{"start":{"line":13,"column":0},"end":{"line":13,"column":2}},"13":{"start":{"line":14,"column":0},"end":{"line":14,"column":0}},"14":{"start":{"line":15,"column":0},"end":{"line":15,"column":44}},"15":{"start":{"line":16,"column":0},"end":{"line":16,"column":28}},"16":{"start":{"line":17,"column":0},"end":{"line":17,"column":29}},"17":{"start":{"line":18,"column":0},"end":{"line":18,"column":13}},"18":{"start":{"line":19,"column":0},"end":{"line":19,"column":20}},"19":{"start":{"line":20,"column":0},"end":{"line":20,"column":74}},"20":{"start":{"line":21,"column":0},"end":{"line":21,"column":44}},"21":{"start":{"line":22,"column":0},"end":{"line":22,"column":37}},"22":{"start":{"line":23,"column":0},"end":{"line":23,"column":16}},"23":{"start":{"line":24,"column":0},"end":{"line":24,"column":69}},"24":{"start":{"line":25,"column":0},"end":{"line":25,"column":9}},"25":{"start":{"line":26,"column":0},"end":{"line":26,"column":8}},"26":{"start":{"line":27,"column":0},"end":{"line":27,"column":46}},"27":{"start":{"line":28,"column":0},"end":{"line":28,"column":48}},"28":{"start":{"line":29,"column":0},"end":{"line":29,"column":8}},"29":{"start":{"line":30,"column":0},"end":{"line":30,"column":6}},"30":{"start":{"line":31,"column":0},"end":{"line":31,"column":76}},"31":{"start":{"line":32,"column":0},"end":{"line":32,"column":51}},"32":{"start":{"line":33,"column":0},"end":{"line":33,"column":44}},"33":{"start":{"line":34,"column":0},"end":{"line":34,"column":8}},"34":{"start":{"line":35,"column":0},"end":{"line":35,"column":6}},"35":{"start":{"line":36,"column":0},"end":{"line":36,"column":40}},"36":{"start":{"line":37,"column":0},"end":{"line":37,"column":23}},"37":{"start":{"line":38,"column":0},"end":{"line":38,"column":29}},"38":{"start":{"line":39,"column":0},"end":{"line":39,"column":6}},"39":{"start":{"line":40,"column":0},"end":{"line":40,"column":41}},"40":{"start":{"line":41,"column":0},"end":{"line":41,"column":52}},"41":{"start":{"line":42,"column":0},"end":{"line":42,"column":56}},"42":{"start":{"line":43,"column":0},"end":{"line":43,"column":70}},"43":{"start":{"line":44,"column":0},"end":{"line":44,"column":37}},"44":{"start":{"line":45,"column":0},"end":{"line":45,"column":36}},"45":{"start":{"line":46,"column":0},"end":{"line":46,"column":8}},"46":{"start":{"line":47,"column":0},"end":{"line":47,"column":45}},"47":{"start":{"line":48,"column":0},"end":{"line":48,"column":5}},"48":{"start":{"line":49,"column":0},"end":{"line":49,"column":4}},"49":{"start":{"line":50,"column":0},"end":{"line":50,"column":14}},"50":{"start":{"line":51,"column":0},"end":{"line":51,"column":33}},"51":{"start":{"line":52,"column":0},"end":{"line":52,"column":19}},"52":{"start":{"line":53,"column":0},"end":{"line":53,"column":5}},"53":{"start":{"line":54,"column":0},"end":{"line":54,"column":3}},"54":{"start":{"line":55,"column":0},"end":{"line":55,"column":3}},"55":{"start":{"line":56,"column":0},"end":{"line":56,"column":0}},"56":{"start":{"line":57,"column":0},"end":{"line":57,"column":14}},"57":{"start":{"line":58,"column":0},"end":{"line":58,"column":16}},"58":{"start":{"line":59,"column":0},"end":{"line":59,"column":19}},"59":{"start":{"line":60,"column":0},"end":{"line":60,"column":25}},"60":{"start":{"line":61,"column":0},"end":{"line":61,"column":22}},"61":{"start":{"line":62,"column":0},"end":{"line":62,"column":35}},"62":{"start":{"line":63,"column":0},"end":{"line":63,"column":0}},"63":{"start":{"line":64,"column":0},"end":{"line":64,"column":71}},"64":{"start":{"line":65,"column":0},"end":{"line":65,"column":73}}},"s":{"0":1,"1":1,"2":1,"3":1,"4":1,"5":1,"6":1,"7":1,"8":1,"9":1,"10":1,"11":1,"12":1,"13":1,"14":1,"15":1,"16":1,"17":1,"18":1,"19":1,"20":2,"21":1,"22":1,"23":1,"24":1,"25":1,"26":1,"27":2,"28":2,"29":1,"30":1,"31":1,"32":1,"33":1,"34":1,"35":1,"36":0,"37":0,"38":1,"39":1,"40":1,"41":1,"42":1,"43":1,"44":1,"45":1,"46":1,"47":1,"48":1,"49":1,"50":1,"51":0,"52":0,"53":1,"54":1,"55":1,"56":1,"57":1,"58":1,"59":1,"60":1,"61":1,"62":1,"63":1,"64":1},"branchMap":{"0":{"type":"branch","line":20,"loc":{"start":{"line":20,"column":15},"end":{"line":26,"column":7}},"locations":[{"start":{"line":20,"column":15},"end":{"line":26,"column":7}}]},"1":{"type":"branch","line":21,"loc":{"start":{"line":21,"column":43},"end":{"line":25,"column":9}},"locations":[{"start":{"line":21,"column":43},"end":{"line":25,"column":9}}]},"2":{"type":"branch","line":27,"loc":{"start":{"line":27,"column":15},"end":{"line":29,"column":8}},"locations":[{"start":{"line":27,"column":15},"end":{"line":29,"column":8}}]},"3":{"type":"branch","line":31,"loc":{"start":{"line":31,"column":20},"end":{"line":35,"column":5}},"locations":[{"start":{"line":31,"column":20},"end":{"line":35,"column":5}}]},"4":{"type":"branch","line":33,"loc":{"start":{"line":33,"column":8},"end":{"line":33,"column":44}},"locations":[{"start":{"line":33,"column":8},"end":{"line":33,"column":44}}]},"5":{"type":"branch","line":40,"loc":{"start":{"line":40,"column":24},"end":{"line":48,"column":5}},"locations":[{"start":{"line":40,"column":24},"end":{"line":48,"column":5}}]}},"b":{"0":[2],"1":[1],"2":[2],"3":[1],"4":[1],"5":[1]},"fnMap":{"0":{"name":"reducer","decl":{"start":{"line":20,"column":15},"end":{"line":26,"column":7}},"loc":{"start":{"line":20,"column":15},"end":{"line":26,"column":7}},"line":20},"1":{"name":"prepare","decl":{"start":{"line":27,"column":15},"end":{"line":29,"column":8}},"loc":{"start":{"line":27,"column":15},"end":{"line":29,"column":8}},"line":27},"2":{"name":"removeIngredient","decl":{"start":{"line":31,"column":20},"end":{"line":35,"column":5}},"loc":{"start":{"line":31,"column":20},"end":{"line":35,"column":5}},"line":31},"3":{"name":"resetBurgerConstructor","decl":{"start":{"line":36,"column":28},"end":{"line":39,"column":5}},"loc":{"start":{"line":36,"column":28},"end":{"line":39,"column":5}},"line":36},"4":{"name":"handleMoveIngredient","decl":{"start":{"line":40,"column":24},"end":{"line":48,"column":5}},"loc":{"start":{"line":40,"column":24},"end":{"line":48,"column":5}},"line":40},"5":{"name":"getBurgerConstructor","decl":{"start":{"line":51,"column":24},"end":{"line":53,"column":5}},"loc":{"start":{"line":51,"column":24},"end":{"line":53,"column":5}},"line":51}},"f":{"0":2,"1":2,"2":1,"3":0,"4":1,"5":0}}
,"/Users/paul/Desktop/dev/stellar-burger/stellar-burgers/src/services/slices/feedSlice.ts": {"path":"/Users/paul/Desktop/dev/stellar-burger/stellar-burgers/src/services/slices/feedSlice.ts","all":false,"statementMap":{"0":{"start":{"line":1,"column":0},"end":{"line":1,"column":65}},"1":{"start":{"line":2,"column":0},"end":{"line":2,"column":53}},"2":{"start":{"line":3,"column":0},"end":{"line":3,"column":43}},"3":{"start":{"line":4,"column":0},"end":{"line":4,"column":0}},"4":{"start":{"line":5,"column":0},"end":{"line":5,"column":24}},"5":{"start":{"line":6,"column":0},"end":{"line":6,"column":19}},"6":{"start":{"line":7,"column":0},"end":{"line":7,"column":16}},"7":{"start":{"line":8,"column":0},"end":{"line":8,"column":21}},"8":{"start":{"line":9,"column":0},"end":{"line":9,"column":19}},"9":{"start":{"line":10,"column":0},"end":{"line":10,"column":23}},"10":{"start":{"line":11,"column":0},"end":{"line":11,"column":2}},"11":{"start":{"line":12,"column":0},"end":{"line":12,"column":0}},"12":{"start":{"line":13,"column":0},"end":{"line":13,"column":46}},"13":{"start":{"line":14,"column":0},"end":{"line":14,"column":13}},"14":{"start":{"line":15,"column":0},"end":{"line":15,"column":11}},"15":{"start":{"line":16,"column":0},"end":{"line":16,"column":16}},"16":{"start":{"line":17,"column":0},"end":{"line":17,"column":17}},"17":{"start":{"line":18,"column":0},"end":{"line":18,"column":13}},"18":{"start":{"line":19,"column":0},"end":{"line":19,"column":2}},"19":{"start":{"line":20,"column":0},"end":{"line":20,"column":0}},"20":{"start":{"line":21,"column":0},"end":{"line":21,"column":41}},"21":{"start":{"line":22,"column":0},"end":{"line":22,"column":18}},"22":{"start":{"line":23,"column":0},"end":{"line":23,"column":33}},"23":{"start":{"line":24,"column":0},"end":{"line":24,"column":2}},"24":{"start":{"line":25,"column":0},"end":{"line":25,"column":0}},"25":{"start":{"line":26,"column":0},"end":{"line":26,"column":31}},"26":{"start":{"line":27,"column":0},"end":{"line":27,"column":15}},"27":{"start":{"line":28,"column":0},"end":{"line":28,"column":29}},"28":{"start":{"line":29,"column":0},"end":{"line":29,"column":15}},"29":{"start":{"line":30,"column":0},"end":{"line":30,"column":14}},"30":{"start":{"line":31,"column":0},"end":{"line":31,"column":26}},"31":{"start":{"line":32,"column":0},"end":{"line":32,"column":26}},"32":{"start":{"line":33,"column":0},"end":{"line":33,"column":6}},"33":{"start":{"line":34,"column":0},"end":{"line":34,"column":25}},"34":{"start":{"line":35,"column":0},"end":{"line":35,"column":25}},"35":{"start":{"line":36,"column":0},"end":{"line":36,"column":6}},"36":{"start":{"line":37,"column":0},"end":{"line":37,"column":30}},"37":{"start":{"line":38,"column":0},"end":{"line":38,"column":30}},"38":{"start":{"line":39,"column":0},"end":{"line":39,"column":6}},"39":{"start":{"line":40,"column":0},"end":{"line":40,"column":27}},"40":{"start":{"line":41,"column":0},"end":{"line":41,"column":27}},"41":{"start":{"line":42,"column":0},"end":{"line":42,"column":6}},"42":{"start":{"line":43,"column":0},"end":{"line":43,"column":25}},"43":{"start":{"line":44,"column":0},"end":{"line":44,"column":25}},"44":{"start":{"line":45,"column":0},"end":{"line":45,"column":5}},"45":{"start":{"line":46,"column":0},"end":{"line":46,"column":4}},"46":{"start":{"line":47,"column":0},"end":{"line":47,"column":31}},"47":{"start":{"line":48,"column":0},"end":{"line":48,"column":11}},"48":{"start":{"line":49,"column":0},"end":{"line":49,"column":45}},"49":{"start":{"line":50,"column":0},"end":{"line":50,"column":29}},"50":{"start":{"line":51,"column":0},"end":{"line":51,"column":27}},"51":{"start":{"line":52,"column":0},"end":{"line":52,"column":8}},"52":{"start":{"line":53,"column":0},"end":{"line":53,"column":54}},"53":{"start":{"line":54,"column":0},"end":{"line":54,"column":30}},"54":{"start":{"line":55,"column":0},"end":{"line":55,"column":51}},"55":{"start":{"line":56,"column":0},"end":{"line":56,"column":8}},"56":{"start":{"line":57,"column":0},"end":{"line":57,"column":55}},"57":{"start":{"line":58,"column":0},"end":{"line":58,"column":30}},"58":{"start":{"line":59,"column":0},"end":{"line":59,"column":61}},"59":{"start":{"line":60,"column":0},"end":{"line":60,"column":30}},"60":{"start":{"line":61,"column":0},"end":{"line":61,"column":28}},"61":{"start":{"line":62,"column":0},"end":{"line":62,"column":38}},"62":{"start":{"line":63,"column":0},"end":{"line":63,"column":9}},"63":{"start":{"line":64,"column":0},"end":{"line":64,"column":3}},"64":{"start":{"line":65,"column":0},"end":{"line":65,"column":3}},"65":{"start":{"line":66,"column":0},"end":{"line":66,"column":0}},"66":{"start":{"line":67,"column":0},"end":{"line":67,"column":45}},"67":{"start":{"line":68,"column":0},"end":{"line":68,"column":14}},"68":{"start":{"line":69,"column":0},"end":{"line":69,"column":16}},"69":{"start":{"line":70,"column":0},"end":{"line":70,"column":15}},"70":{"start":{"line":71,"column":0},"end":{"line":71,"column":20}},"71":{"start":{"line":72,"column":0},"end":{"line":72,"column":17}},"72":{"start":{"line":73,"column":0},"end":{"line":73,"column":14}},"73":{"start":{"line":74,"column":0},"end":{"line":74,"column":24}}},"s":{"0":1,"1":0,"2":1,"3":1,"4":1,"5":1,"6":1,"7":1,"8":1,"9":1,"10":1,"11":1,"12":1,"13":1,"14":1,"15":1,"16":1,"17":1,"18":1,"19":1,"20":1,"21":1,"22":1,"23":1,"24":1,"25":1,"26":1,"27":1,"28":1,"29":1,"30":1,"31":0,"32":1,"33":1,"34":0,"35":1,"36":1,"37":0,"38":1,"39":1,"40":0,"41":1,"42":1,"43":0,"44":0,"45":1,"46":1,"47":2,"48":2,"49":1,"50":1,"51":2,"52":2,"53":1,"54":1,"55":2,"56":2,"57":1,"58":1,"59":1,"60":1,"61":1,"62":2,"63":2,"64":1,"65":1,"66":1,"67":1,"68":1,"69":1,"70":1,"71":1,"72":1,"73":1},"branchMap":{"0":{"type":"branch","line":2,"loc":{"start":{"line":2,"column":0},"end":{"line":2,"column":53}},"locations":[{"start":{"line":2,"column":0},"end":{"line":2,"column":53}}]},"1":{"type":"branch","line":2,"loc":{"start":{"line":2,"column":0},"end":{"line":2,"column":53}},"locations":[{"start":{"line":2,"column":0},"end":{"line":2,"column":53}}]},"2":{"type":"branch","line":2,"loc":{"start":{"line":2,"column":0},"end":{"line":2,"column":53}},"locations":[{"start":{"line":2,"column":0},"end":{"line":2,"column":53}}]},"3":{"type":"branch","line":2,"loc":{"start":{"line":2,"column":0},"end":{"line":2,"column":53}},"locations":[{"start":{"line":2,"column":0},"end":{"line":2,"column":53}}]},"4":{"type":"branch","line":2,"loc":{"start":{"line":2,"column":0},"end":{"line":2,"column":53}},"locations":[{"start":{"line":2,"column":0},"end":{"line":2,"column":53}}]},"5":{"type":"branch","line":2,"loc":{"start":{"line":2,"column":0},"end":{"line":2,"column":53}},"locations":[{"start":{"line":2,"column":0},"end":{"line":2,"column":53}}]},"6":{"type":"branch","line":2,"loc":{"start":{"line":2,"column":0},"end":{"line":2,"column":53}},"locations":[{"start":{"line":2,"column":0},"end":{"line":2,"column":53}}]},"7":{"type":"branch","line":2,"loc":{"start":{"line":2,"column":0},"end":{"line":2,"column":53}},"locations":[{"start":{"line":2,"column":0},"end":{"line":2,"column":53}}]},"8":{"type":"branch","line":2,"loc":{"start":{"line":2,"column":0},"end":{"line":2,"column":53}},"locations":[{"start":{"line":2,"column":0},"end":{"line":2,"column":53}}]},"9":{"type":"branch","line":2,"loc":{"start":{"line":2,"column":0},"end":{"line":2,"column":53}},"locations":[{"start":{"line":2,"column":0},"end":{"line":2,"column":53}}]},"10":{"type":"branch","line":2,"loc":{"start":{"line":2,"column":0},"end":{"line":2,"column":53}},"locations":[{"start":{"line":2,"column":0},"end":{"line":2,"column":53}}]},"11":{"type":"branch","line":2,"loc":{"start":{"line":2,"column":0},"end":{"line":2,"column":53}},"locations":[{"start":{"line":2,"column":0},"end":{"line":2,"column":53}}]},"12":{"type":"branch","line":2,"loc":{"start":{"line":2,"column":0},"end":{"line":2,"column":53}},"locations":[{"start":{"line":2,"column":0},"end":{"line":2,"column":53}}]},"13":{"type":"branch","line":2,"loc":{"start":{"line":2,"column":0},"end":{"line":2,"column":53}},"locations":[{"start":{"line":2,"column":0},"end":{"line":2,"column":53}}]},"14":{"type":"branch","line":2,"loc":{"start":{"line":2,"column":0},"end":{"line":2,"column":53}},"locations":[{"start":{"line":2,"column":0},"end":{"line":2,"column":53}}]},"15":{"type":"branch","line":2,"loc":{"start":{"line":2,"column":0},"end":{"line":2,"column":53}},"locations":[{"start":{"line":2,"column":0},"end":{"line":2,"column":53}}]},"16":{"type":"branch","line":47,"loc":{"start":{"line":47,"column":17},"end":{"line":64,"column":3}},"locations":[{"start":{"line":47,"column":17},"end":{"line":64,"column":3}}]},"17":{"type":"branch","line":49,"loc":{"start":{"line":49,"column":33},"end":{"line":52,"column":7}},"locations":[{"start":{"line":49,"column":33},"end":{"line":52,"column":7}}]},"18":{"type":"branch","line":53,"loc":{"start":{"line":53,"column":34},"end":{"line":56,"column":7}},"locations":[{"start":{"line":53,"column":34},"end":{"line":56,"column":7}}]},"19":{"type":"branch","line":55,"loc":{"start":{"line":55,"column":42},"end":{"line":55,"column":50}},"locations":[{"start":{"line":55,"column":42},"end":{"line":55,"column":50}}]},"20":{"type":"branch","line":57,"loc":{"start":{"line":57,"column":35},"end":{"line":63,"column":7}},"locations":[{"start":{"line":57,"column":35},"end":{"line":63,"column":7}}]}},"b":{"0":[0],"1":[0],"2":[0],"3":[0],"4":[0],"5":[0],"6":[26],"7":[4],"8":[12],"9":[2],"10":[0],"11":[0],"12":[0],"13":[2],"14":[0],"15":[2],"16":[2],"17":[1],"18":[1],"19":[0],"20":[1]},"fnMap":{"0":{"name":"_regeneratorRuntime","decl":{"start":{"line":2,"column":0},"end":{"line":2,"column":53}},"loc":{"start":{"line":2,"column":0},"end":{"line":2,"column":53}},"line":2},"1":{"name":"o","decl":{"start":{"line":2,"column":0},"end":{"line":2,"column":53}},"loc":{"start":{"line":2,"column":0},"end":{"line":2,"column":53}},"line":2},"2":{"name":"define","decl":{"start":{"line":2,"column":0},"end":{"line":2,"column":53}},"loc":{"start":{"line":2,"column":0},"end":{"line":2,"column":53}},"line":2},"3":{"name":"define","decl":{"start":{"line":2,"column":0},"end":{"line":2,"column":53}},"loc":{"start":{"line":2,"column":0},"end":{"line":2,"column":53}},"line":2},"4":{"name":"wrap","decl":{"start":{"line":2,"column":0},"end":{"line":2,"column":53}},"loc":{"start":{"line":2,"column":0},"end":{"line":2,"column":53}},"line":2},"5":{"name":"tryCatch","decl":{"start":{"line":2,"column":0},"end":{"line":2,"column":53}},"loc":{"start":{"line":2,"column":0},"end":{"line":2,"column":53}},"line":2},"6":{"name":"Generator","decl":{"start":{"line":2,"column":0},"end":{"line":2,"column":53}},"loc":{"start":{"line":2,"column":0},"end":{"line":2,"column":53}},"line":2},"7":{"name":"GeneratorFunction","decl":{"start":{"line":2,"column":0},"end":{"line":2,"column":53}},"loc":{"start":{"line":2,"column":0},"end":{"line":2,"column":53}},"line":2},"8":{"name":"GeneratorFunctionPrototype","decl":{"start":{"line":2,"column":0},"end":{"line":2,"column":53}},"loc":{"start":{"line":2,"column":0},"end":{"line":2,"column":53}},"line":2},"9":{"name":"defineIteratorMethods","decl":{"start":{"line":2,"column":0},"end":{"line":2,"column":53}},"loc":{"start":{"line":2,"column":0},"end":{"line":2,"column":53}},"line":2},"10":{"name":"AsyncIterator","decl":{"start":{"line":2,"column":0},"end":{"line":2,"column":53}},"loc":{"start":{"line":2,"column":0},"end":{"line":2,"column":53}},"line":2},"11":{"name":"makeInvokeMethod","decl":{"start":{"line":2,"column":0},"end":{"line":2,"column":53}},"loc":{"start":{"line":2,"column":0},"end":{"line":2,"column":53}},"line":2},"12":{"name":"maybeInvokeDelegate","decl":{"start":{"line":2,"column":0},"end":{"line":2,"column":53}},"loc":{"start":{"line":2,"column":0},"end":{"line":2,"column":53}},"line":2},"13":{"name":"pushTryEntry","decl":{"start":{"line":2,"column":0},"end":{"line":2,"column":53}},"loc":{"start":{"line":2,"column":0},"end":{"line":2,"column":53}},"line":2},"14":{"name":"resetTryEntry","decl":{"start":{"line":2,"column":0},"end":{"line":2,"column":53}},"loc":{"start":{"line":2,"column":0},"end":{"line":2,"column":53}},"line":2},"15":{"name":"Context","decl":{"start":{"line":2,"column":0},"end":{"line":2,"column":53}},"loc":{"start":{"line":2,"column":0},"end":{"line":2,"column":53}},"line":2},"16":{"name":"values","decl":{"start":{"line":2,"column":0},"end":{"line":2,"column":53}},"loc":{"start":{"line":2,"column":0},"end":{"line":2,"column":53}},"line":2},"17":{"name":"next","decl":{"start":{"line":2,"column":0},"end":{"line":2,"column":53}},"loc":{"start":{"line":2,"column":0},"end":{"line":2,"column":53}},"line":2},"18":{"name":"e.isGeneratorFunction","decl":{"start":{"line":2,"column":0},"end":{"line":2,"column":53}},"loc":{"start":{"line":2,"column":0},"end":{"line":2,"column":53}},"line":2},"19":{"name":"e.mark","decl":{"start":{"line":2,"column":0},"end":{"line":2,"column":53}},"loc":{"start":{"line":2,"column":0},"end":{"line":2,"column":53}},"line":2},"20":{"name":"e.awrap","decl":{"start":{"line":2,"column":0},"end":{"line":2,"column":53}},"loc":{"start":{"line":2,"column":0},"end":{"line":2,"column":53}},"line":2},"21":{"name":"e.async","decl":{"start":{"line":2,"column":0},"end":{"line":2,"column":53}},"loc":{"start":{"line":2,"column":0},"end":{"line":2,"column":53}},"line":2},"22":{"name":"e.keys","decl":{"start":{"line":2,"column":0},"end":{"line":2,"column":53}},"loc":{"start":{"line":2,"column":0},"end":{"line":2,"column":53}},"line":2},"23":{"name":"reset","decl":{"start":{"line":2,"column":0},"end":{"line":2,"column":53}},"loc":{"start":{"line":2,"column":0},"end":{"line":2,"column":53}},"line":2},"24":{"name":"stop","decl":{"start":{"line":2,"column":0},"end":{"line":2,"column":53}},"loc":{"start":{"line":2,"column":0},"end":{"line":2,"column":53}},"line":2},"25":{"name":"dispatchException","decl":{"start":{"line":2,"column":0},"end":{"line":2,"column":53}},"loc":{"start":{"line":2,"column":0},"end":{"line":2,"column":53}},"line":2},"26":{"name":"abrupt","decl":{"start":{"line":2,"column":0},"end":{"line":2,"column":53}},"loc":{"start":{"line":2,"column":0},"end":{"line":2,"column":53}},"line":2},"27":{"name":"complete","decl":{"start":{"line":2,"column":0},"end":{"line":2,"column":53}},"loc":{"start":{"line":2,"column":0},"end":{"line":2,"column":53}},"line":2},"28":{"name":"finish","decl":{"start":{"line":2,"column":0},"end":{"line":2,"column":53}},"loc":{"start":{"line":2,"column":0},"end":{"line":2,"column":53}},"line":2},"29":{"name":"_catch","decl":{"start":{"line":2,"column":0},"end":{"line":2,"column":53}},"loc":{"start":{"line":2,"column":0},"end":{"line":2,"column":53}},"line":2},"30":{"name":"delegateYield","decl":{"start":{"line":2,"column":0},"end":{"line":2,"column":53}},"loc":{"start":{"line":2,"column":0},"end":{"line":2,"column":53}},"line":2},"31":{"name":"asyncGeneratorStep","decl":{"start":{"line":2,"column":0},"end":{"line":2,"column":53}},"loc":{"start":{"line":2,"column":0},"end":{"line":2,"column":53}},"line":2},"32":{"name":"_asyncToGenerator","decl":{"start":{"line":2,"column":0},"end":{"line":2,"column":53}},"loc":{"start":{"line":2,"column":0},"end":{"line":2,"column":53}},"line":2},"33":{"name":"_callee","decl":{"start":{"line":23,"column":2},"end":{"line":23,"column":33}},"loc":{"start":{"line":23,"column":2},"end":{"line":23,"column":33}},"line":23},"34":{"name":"getFeedOrders","decl":{"start":{"line":31,"column":17},"end":{"line":33,"column":5}},"loc":{"start":{"line":31,"column":17},"end":{"line":33,"column":5}},"line":31},"35":{"name":"getFeedTotal","decl":{"start":{"line":34,"column":16},"end":{"line":36,"column":5}},"loc":{"start":{"line":34,"column":16},"end":{"line":36,"column":5}},"line":34},"36":{"name":"getFeedTotalToday","decl":{"start":{"line":37,"column":21},"end":{"line":39,"column":5}},"loc":{"start":{"line":37,"column":21},"end":{"line":39,"column":5}},"line":37},"37":{"name":"getFeedLoading","decl":{"start":{"line":40,"column":18},"end":{"line":42,"column":5}},"loc":{"start":{"line":40,"column":18},"end":{"line":42,"column":5}},"line":40},"38":{"name":"getFeedError","decl":{"start":{"line":43,"column":16},"end":{"line":45,"column":5}},"loc":{"start":{"line":43,"column":16},"end":{"line":45,"column":5}},"line":43},"39":{"name":"extraReducers","decl":{"start":{"line":47,"column":17},"end":{"line":64,"column":3}},"loc":{"start":{"line":47,"column":17},"end":{"line":64,"column":3}},"line":47}},"f":{"0":0,"1":0,"2":26,"3":0,"4":0,"5":0,"6":0,"7":0,"8":0,"9":4,"10":0,"11":0,"12":0,"13":0,"14":0,"15":0,"16":2,"17":0,"18":0,"19":2,"20":0,"21":0,"22":0,"23":0,"24":0,"25":0,"26":0,"27":0,"28":0,"29":0,"30":0,"31":0,"32":2,"33":0,"34":0,"35":0,"36":0,"37":0,"38":0,"39":2}}
,"/Users/paul/Desktop/dev/stellar-burger/stellar-burgers/src/services/slices/ingredientSlice.ts": {"path":"/Users/paul/Desktop/dev/stellar-burger/stellar-burgers/src/services/slices/ingredientSlice.ts","all":false,"statementMap":{"0":{"start":{"line":1,"column":0},"end":{"line":1,"column":59}},"1":{"start":{"line":2,"column":0},"end":{"line":2,"column":65}},"2":{"start":{"line":3,"column":0},"end":{"line":3,"column":43}},"3":{"start":{"line":4,"column":0},"end":{"line":4,"column":0}},"4":{"start":{"line":5,"column":0},"end":{"line":5,"column":25}},"5":{"start":{"line":6,"column":0},"end":{"line":6,"column":29}},"6":{"start":{"line":7,"column":0},"end":{"line":7,"column":19}},"7":{"start":{"line":8,"column":0},"end":{"line":8,"column":23}},"8":{"start":{"line":9,"column":0},"end":{"line":9,"column":2}},"9":{"start":{"line":10,"column":0},"end":{"line":10,"column":0}},"10":{"start":{"line":11,"column":0},"end":{"line":11,"column":47}},"11":{"start":{"line":12,"column":0},"end":{"line":12,"column":18}},"12":{"start":{"line":13,"column":0},"end":{"line":13,"column":17}},"13":{"start":{"line":14,"column":0},"end":{"line":14,"column":13}},"14":{"start":{"line":15,"column":0},"end":{"line":15,"column":2}},"15":{"start":{"line":16,"column":0},"end":{"line":16,"column":0}},"16":{"start":{"line":17,"column":0},"end":{"line":17,"column":47}},"17":{"start":{"line":18,"column":0},"end":{"line":18,"column":31}},"18":{"start":{"line":19,"column":0},"end":{"line":19,"column":39}},"19":{"start":{"line":20,"column":0},"end":{"line":20,"column":2}},"20":{"start":{"line":21,"column":0},"end":{"line":21,"column":0}},"21":{"start":{"line":22,"column":0},"end":{"line":22,"column":38}},"22":{"start":{"line":23,"column":0},"end":{"line":23,"column":22}},"23":{"start":{"line":24,"column":0},"end":{"line":24,"column":29}},"24":{"start":{"line":25,"column":0},"end":{"line":25,"column":15}},"25":{"start":{"line":26,"column":0},"end":{"line":26,"column":14}},"26":{"start":{"line":27,"column":0},"end":{"line":27,"column":34}},"27":{"start":{"line":28,"column":0},"end":{"line":28,"column":27}},"28":{"start":{"line":29,"column":0},"end":{"line":29,"column":6}},"29":{"start":{"line":30,"column":0},"end":{"line":30,"column":33}},"30":{"start":{"line":31,"column":0},"end":{"line":31,"column":31}},"31":{"start":{"line":32,"column":0},"end":{"line":32,"column":6}},"32":{"start":{"line":33,"column":0},"end":{"line":33,"column":32}},"33":{"start":{"line":34,"column":0},"end":{"line":34,"column":25}},"34":{"start":{"line":35,"column":0},"end":{"line":35,"column":5}},"35":{"start":{"line":36,"column":0},"end":{"line":36,"column":4}},"36":{"start":{"line":37,"column":0},"end":{"line":37,"column":31}},"37":{"start":{"line":38,"column":0},"end":{"line":38,"column":11}},"38":{"start":{"line":39,"column":0},"end":{"line":39,"column":51}},"39":{"start":{"line":40,"column":0},"end":{"line":40,"column":29}},"40":{"start":{"line":41,"column":0},"end":{"line":41,"column":27}},"41":{"start":{"line":42,"column":0},"end":{"line":42,"column":8}},"42":{"start":{"line":43,"column":0},"end":{"line":43,"column":60}},"43":{"start":{"line":44,"column":0},"end":{"line":44,"column":30}},"44":{"start":{"line":45,"column":0},"end":{"line":45,"column":51}},"45":{"start":{"line":46,"column":0},"end":{"line":46,"column":8}},"46":{"start":{"line":47,"column":0},"end":{"line":47,"column":61}},"47":{"start":{"line":48,"column":0},"end":{"line":48,"column":30}},"48":{"start":{"line":49,"column":0},"end":{"line":49,"column":43}},"49":{"start":{"line":50,"column":0},"end":{"line":50,"column":9}},"50":{"start":{"line":51,"column":0},"end":{"line":51,"column":3}},"51":{"start":{"line":52,"column":0},"end":{"line":52,"column":3}},"52":{"start":{"line":53,"column":0},"end":{"line":53,"column":0}},"53":{"start":{"line":54,"column":0},"end":{"line":54,"column":59}},"54":{"start":{"line":55,"column":0},"end":{"line":55,"column":14}},"55":{"start":{"line":56,"column":0},"end":{"line":56,"column":24}},"56":{"start":{"line":57,"column":0},"end":{"line":57,"column":23}},"57":{"start":{"line":58,"column":0},"end":{"line":58,"column":21}},"58":{"start":{"line":59,"column":0},"end":{"line":59,"column":31}}},"s":{"0":1,"1":0,"2":1,"3":1,"4":1,"5":1,"6":1,"7":1,"8":1,"9":1,"10":1,"11":1,"12":1,"13":1,"14":1,"15":1,"16":1,"17":1,"18":1,"19":1,"20":1,"21":1,"22":1,"23":1,"24":1,"25":1,"26":1,"27":0,"28":1,"29":1,"30":0,"31":1,"32":1,"33":0,"34":0,"35":1,"36":1,"37":2,"38":2,"39":1,"40":1,"41":2,"42":2,"43":1,"44":1,"45":2,"46":2,"47":1,"48":1,"49":2,"50":2,"51":1,"52":1,"53":1,"54":1,"55":1,"56":1,"57":1,"58":1},"branchMap":{"0":{"type":"branch","line":2,"loc":{"start":{"line":2,"column":0},"end":{"line":2,"column":65}},"locations":[{"start":{"line":2,"column":0},"end":{"line":2,"column":65}}]},"1":{"type":"branch","line":2,"loc":{"start":{"line":2,"column":0},"end":{"line":2,"column":65}},"locations":[{"start":{"line":2,"column":0},"end":{"line":2,"column":65}}]},"2":{"type":"branch","line":2,"loc":{"start":{"line":2,"column":0},"end":{"line":2,"column":65}},"locations":[{"start":{"line":2,"column":0},"end":{"line":2,"column":65}}]},"3":{"type":"branch","line":2,"loc":{"start":{"line":2,"column":0},"end":{"line":2,"column":65}},"locations":[{"start":{"line":2,"column":0},"end":{"line":2,"column":65}}]},"4":{"type":"branch","line":2,"loc":{"start":{"line":2,"column":0},"end":{"line":2,"column":65}},"locations":[{"start":{"line":2,"column":0},"end":{"line":2,"column":65}}]},"5":{"type":"branch","line":2,"loc":{"start":{"line":2,"column":0},"end":{"line":2,"column":65}},"locations":[{"start":{"line":2,"column":0},"end":{"line":2,"column":65}}]},"6":{"type":"branch","line":2,"loc":{"start":{"line":2,"column":0},"end":{"line":2,"column":65}},"locations":[{"start":{"line":2,"column":0},"end":{"line":2,"column":65}}]},"7":{"type":"branch","line":2,"loc":{"start":{"line":2,"column":0},"end":{"line":2,"column":65}},"locations":[{"start":{"line":2,"column":0},"end":{"line":2,"column":65}}]},"8":{"type":"branch","line":2,"loc":{"start":{"line":2,"column":0},"end":{"line":2,"column":65}},"locations":[{"start":{"line":2,"column":0},"end":{"line":2,"column":65}}]},"9":{"type":"branch","line":2,"loc":{"start":{"line":2,"column":0},"end":{"line":2,"column":65}},"locations":[{"start":{"line":2,"column":0},"end":{"line":2,"column":65}}]},"10":{"type":"branch","line":2,"loc":{"start":{"line":2,"column":0},"end":{"line":2,"column":65}},"locations":[{"start":{"line":2,"column":0},"end":{"line":2,"column":65}}]},"11":{"type":"branch","line":2,"loc":{"start":{"line":2,"column":0},"end":{"line":2,"column":65}},"locations":[{"start":{"line":2,"column":0},"end":{"line":2,"column":65}}]},"12":{"type":"branch","line":2,"loc":{"start":{"line":2,"column":0},"end":{"line":2,"column":65}},"locations":[{"start":{"line":2,"column":0},"end":{"line":2,"column":65}}]},"13":{"type":"branch","line":2,"loc":{"start":{"line":2,"column":0},"end":{"line":2,"column":65}},"locations":[{"start":{"line":2,"column":0},"end":{"line":2,"column":65}}]},"14":{"type":"branch","line":2,"loc":{"start":{"line":2,"column":0},"end":{"line":2,"column":65}},"locations":[{"start":{"line":2,"column":0},"end":{"line":2,"column":65}}]},"15":{"type":"branch","line":2,"loc":{"start":{"line":2,"column":0},"end":{"line":2,"column":65}},"locations":[{"start":{"line":2,"column":0},"end":{"line":2,"column":65}}]},"16":{"type":"branch","line":37,"loc":{"start":{"line":37,"column":17},"end":{"line":51,"column":3}},"locations":[{"start":{"line":37,"column":17},"end":{"line":51,"column":3}}]},"17":{"type":"branch","line":39,"loc":{"start":{"line":39,"column":39},"end":{"line":42,"column":7}},"locations":[{"start":{"line":39,"column":39},"end":{"line":42,"column":7}}]},"18":{"type":"branch","line":43,"loc":{"start":{"line":43,"column":40},"end":{"line":46,"column":7}},"locations":[{"start":{"line":43,"column":40},"end":{"line":46,"column":7}}]},"19":{"type":"branch","line":45,"loc":{"start":{"line":45,"column":42},"end":{"line":45,"column":50}},"locations":[{"start":{"line":45,"column":42},"end":{"line":45,"column":50}}]},"20":{"type":"branch","line":47,"loc":{"start":{"line":47,"column":41},"end":{"line":50,"column":7}},"locations":[{"start":{"line":47,"column":41},"end":{"line":50,"column":7}}]}},"b":{"0":[0],"1":[0],"2":[0],"3":[0],"4":[0],"5":[0],"6":[26],"7":[4],"8":[12],"9":[2],"10":[0],"11":[0],"12":[0],"13":[2],"14":[0],"15":[2],"16":[2],"17":[1],"18":[1],"19":[0],"20":[1]},"fnMap":{"0":{"name":"_regeneratorRuntime","decl":{"start":{"line":2,"column":0},"end":{"line":2,"column":65}},"loc":{"start":{"line":2,"column":0},"end":{"line":2,"column":65}},"line":2},"1":{"name":"o","decl":{"start":{"line":2,"column":0},"end":{"line":2,"column":65}},"loc":{"start":{"line":2,"column":0},"end":{"line":2,"column":65}},"line":2},"2":{"name":"define","decl":{"start":{"line":2,"column":0},"end":{"line":2,"column":65}},"loc":{"start":{"line":2,"column":0},"end":{"line":2,"column":65}},"line":2},"3":{"name":"define","decl":{"start":{"line":2,"column":0},"end":{"line":2,"column":65}},"loc":{"start":{"line":2,"column":0},"end":{"line":2,"column":65}},"line":2},"4":{"name":"wrap","decl":{"start":{"line":2,"column":0},"end":{"line":2,"column":65}},"loc":{"start":{"line":2,"column":0},"end":{"line":2,"column":65}},"line":2},"5":{"name":"tryCatch","decl":{"start":{"line":2,"column":0},"end":{"line":2,"column":65}},"loc":{"start":{"line":2,"column":0},"end":{"line":2,"column":65}},"line":2},"6":{"name":"Generator","decl":{"start":{"line":2,"column":0},"end":{"line":2,"column":65}},"loc":{"start":{"line":2,"column":0},"end":{"line":2,"column":65}},"line":2},"7":{"name":"GeneratorFunction","decl":{"start":{"line":2,"column":0},"end":{"line":2,"column":65}},"loc":{"start":{"line":2,"column":0},"end":{"line":2,"column":65}},"line":2},"8":{"name":"GeneratorFunctionPrototype","decl":{"start":{"line":2,"column":0},"end":{"line":2,"column":65}},"loc":{"start":{"line":2,"column":0},"end":{"line":2,"column":65}},"line":2},"9":{"name":"defineIteratorMethods","decl":{"start":{"line":2,"column":0},"end":{"line":2,"column":65}},"loc":{"start":{"line":2,"column":0},"end":{"line":2,"column":65}},"line":2},"10":{"name":"AsyncIterator","decl":{"start":{"line":2,"column":0},"end":{"line":2,"column":65}},"loc":{"start":{"line":2,"column":0},"end":{"line":2,"column":65}},"line":2},"11":{"name":"makeInvokeMethod","decl":{"start":{"line":2,"column":0},"end":{"line":2,"column":65}},"loc":{"start":{"line":2,"column":0},"end":{"line":2,"column":65}},"line":2},"12":{"name":"maybeInvokeDelegate","decl":{"start":{"line":2,"column":0},"end":{"line":2,"column":65}},"loc":{"start":{"line":2,"column":0},"end":{"line":2,"column":65}},"line":2},"13":{"name":"pushTryEntry","decl":{"start":{"line":2,"column":0},"end":{"line":2,"column":65}},"loc":{"start":{"line":2,"column":0},"end":{"line":2,"column":65}},"line":2},"14":{"name":"resetTryEntry","decl":{"start":{"line":2,"column":0},"end":{"line":2,"column":65}},"loc":{"start":{"line":2,"column":0},"end":{"line":2,"column":65}},"line":2},"15":{"name":"Context","decl":{"start":{"line":2,"column":0},"end":{"line":2,"column":65}},"loc":{"start":{"line":2,"column":0},"end":{"line":2,"column":65}},"line":2},"16":{"name":"values","decl":{"start":{"line":2,"column":0},"end":{"line":2,"column":65}},"loc":{"start":{"line":2,"column":0},"end":{"line":2,"column":65}},"line":2},"17":{"name":"next","decl":{"start":{"line":2,"column":0},"end":{"line":2,"column":65}},"loc":{"start":{"line":2,"column":0},"end":{"line":2,"column":65}},"line":2},"18":{"name":"e.isGeneratorFunction","decl":{"start":{"line":2,"column":0},"end":{"line":2,"column":65}},"loc":{"start":{"line":2,"column":0},"end":{"line":2,"column":65}},"line":2},"19":{"name":"e.mark","decl":{"start":{"line":2,"column":0},"end":{"line":2,"column":65}},"loc":{"start":{"line":2,"column":0},"end":{"line":2,"column":65}},"line":2},"20":{"name":"e.awrap","decl":{"start":{"line":2,"column":0},"end":{"line":2,"column":65}},"loc":{"start":{"line":2,"column":0},"end":{"line":2,"column":65}},"line":2},"21":{"name":"e.async","decl":{"start":{"line":2,"column":0},"end":{"line":2,"column":65}},"loc":{"start":{"line":2,"column":0},"end":{"line":2,"column":65}},"line":2},"22":{"name":"e.keys","decl":{"start":{"line":2,"column":0},"end":{"line":2,"column":65}},"loc":{"start":{"line":2,"column":0},"end":{"line":2,"column":65}},"line":2},"23":{"name":"reset","decl":{"start":{"line":2,"column":0},"end":{"line":2,"column":65}},"loc":{"start":{"line":2,"column":0},"end":{"line":2,"column":65}},"line":2},"24":{"name":"stop","decl":{"start":{"line":2,"column":0},"end":{"line":2,"column":65}},"loc":{"start":{"line":2,"column":0},"end":{"line":2,"column":65}},"line":2},"25":{"name":"dispatchException","decl":{"start":{"line":2,"column":0},"end":{"line":2,"column":65}},"loc":{"start":{"line":2,"column":0},"end":{"line":2,"column":65}},"line":2},"26":{"name":"abrupt","decl":{"start":{"line":2,"column":0},"end":{"line":2,"column":65}},"loc":{"start":{"line":2,"column":0},"end":{"line":2,"column":65}},"line":2},"27":{"name":"complete","decl":{"start":{"line":2,"column":0},"end":{"line":2,"column":65}},"loc":{"start":{"line":2,"column":0},"end":{"line":2,"column":65}},"line":2},"28":{"name":"finish","decl":{"start":{"line":2,"column":0},"end":{"line":2,"column":65}},"loc":{"start":{"line":2,"column":0},"end":{"line":2,"column":65}},"line":2},"29":{"name":"_catch","decl":{"start":{"line":2,"column":0},"end":{"line":2,"column":65}},"loc":{"start":{"line":2,"column":0},"end":{"line":2,"column":65}},"line":2},"30":{"name":"delegateYield","decl":{"start":{"line":2,"column":0},"end":{"line":2,"column":65}},"loc":{"start":{"line":2,"column":0},"end":{"line":2,"column":65}},"line":2},"31":{"name":"asyncGeneratorStep","decl":{"start":{"line":2,"column":0},"end":{"line":2,"column":65}},"loc":{"start":{"line":2,"column":0},"end":{"line":2,"column":65}},"line":2},"32":{"name":"_asyncToGenerator","decl":{"start":{"line":2,"column":0},"end":{"line":2,"column":65}},"loc":{"start":{"line":2,"column":0},"end":{"line":2,"column":65}},"line":2},"33":{"name":"_callee","decl":{"start":{"line":19,"column":2},"end":{"line":19,"column":39}},"loc":{"start":{"line":19,"column":2},"end":{"line":19,"column":39}},"line":19},"34":{"name":"getIngredientsLoading","decl":{"start":{"line":27,"column":25},"end":{"line":29,"column":5}},"loc":{"start":{"line":27,"column":25},"end":{"line":29,"column":5}},"line":27},"35":{"name":"getIngredientsBurger","decl":{"start":{"line":30,"column":24},"end":{"line":32,"column":5}},"loc":{"start":{"line":30,"column":24},"end":{"line":32,"column":5}},"line":30},"36":{"name":"getIngredientsError","decl":{"start":{"line":33,"column":23},"end":{"line":35,"column":5}},"loc":{"start":{"line":33,"column":23},"end":{"line":35,"column":5}},"line":33},"37":{"name":"extraReducers","decl":{"start":{"line":37,"column":17},"end":{"line":51,"column":3}},"loc":{"start":{"line":37,"column":17},"end":{"line":51,"column":3}},"line":37}},"f":{"0":0,"1":0,"2":26,"3":0,"4":0,"5":0,"6":0,"7":0,"8":0,"9":4,"10":0,"11":0,"12":0,"13":0,"14":0,"15":0,"16":2,"17":0,"18":0,"19":2,"20":0,"21":0,"22":0,"23":0,"24":0,"25":0,"26":0,"27":0,"28":0,"29":0,"30":0,"31":0,"32":2,"33":0,"34":0,"35":0,"36":0,"37":2}}
,"/Users/paul/Desktop/dev/stellar-burger/stellar-burgers/src/services/slices/orderDetailsSlice.ts": {"path":"/Users/paul/Desktop/dev/stellar-burger/stellar-burgers/src/services/slices/orderDetailsSlice.ts","all":false,"statementMap":{"0":{"start":{"line":1,"column":0},"end":{"line":1,"column":65}},"1":{"start":{"line":2,"column":0},"end":{"line":2,"column":43}},"2":{"start":{"line":3,"column":0},"end":{"line":3,"column":61}},"3":{"start":{"line":4,"column":0},"end":{"line":4,"column":0}},"4":{"start":{"line":5,"column":0},"end":{"line":5,"column":27}},"5":{"start":{"line":6,"column":0},"end":{"line":6,"column":26}},"6":{"start":{"line":7,"column":0},"end":{"line":7,"column":19}},"7":{"start":{"line":8,"column":0},"end":{"line":8,"column":23}},"8":{"start":{"line":9,"column":0},"end":{"line":9,"column":2}},"9":{"start":{"line":10,"column":0},"end":{"line":10,"column":0}},"10":{"start":{"line":11,"column":0},"end":{"line":11,"column":49}},"11":{"start":{"line":12,"column":0},"end":{"line":12,"column":13}},"12":{"start":{"line":13,"column":0},"end":{"line":13,"column":17}},"13":{"start":{"line":14,"column":0},"end":{"line":14,"column":13}},"14":{"start":{"line":15,"column":0},"end":{"line":15,"column":2}},"15":{"start":{"line":16,"column":0},"end":{"line":16,"column":0}},"16":{"start":{"line":17,"column":0},"end":{"line":17,"column":45}},"17":{"start":{"line":18,"column":0},"end":{"line":18,"column":34}},"18":{"start":{"line":19,"column":0},"end":{"line":19,"column":61}},"19":{"start":{"line":20,"column":0},"end":{"line":20,"column":2}},"20":{"start":{"line":21,"column":0},"end":{"line":21,"column":0}},"21":{"start":{"line":22,"column":0},"end":{"line":22,"column":39}},"22":{"start":{"line":23,"column":0},"end":{"line":23,"column":23}},"23":{"start":{"line":24,"column":0},"end":{"line":24,"column":29}},"24":{"start":{"line":25,"column":0},"end":{"line":25,"column":15}},"25":{"start":{"line":26,"column":0},"end":{"line":26,"column":14}},"26":{"start":{"line":27,"column":0},"end":{"line":27,"column":28}},"27":{"start":{"line":28,"column":0},"end":{"line":28,"column":26}},"28":{"start":{"line":29,"column":0},"end":{"line":29,"column":6}},"29":{"start":{"line":30,"column":0},"end":{"line":30,"column":35}},"30":{"start":{"line":31,"column":0},"end":{"line":31,"column":27}},"31":{"start":{"line":32,"column":0},"end":{"line":32,"column":6}},"32":{"start":{"line":33,"column":0},"end":{"line":33,"column":33}},"33":{"start":{"line":34,"column":0},"end":{"line":34,"column":25}},"34":{"start":{"line":35,"column":0},"end":{"line":35,"column":5}},"35":{"start":{"line":36,"column":0},"end":{"line":36,"column":4}},"36":{"start":{"line":37,"column":0},"end":{"line":37,"column":26}},"37":{"start":{"line":38,"column":0},"end":{"line":38,"column":11}},"38":{"start":{"line":39,"column":0},"end":{"line":39,"column":49}},"39":{"start":{"line":40,"column":0},"end":{"line":40,"column":29}},"40":{"start":{"line":41,"column":0},"end":{"line":41,"column":27}},"41":{"start":{"line":42,"column":0},"end":{"line":42,"column":8}},"42":{"start":{"line":43,"column":0},"end":{"line":43,"column":58}},"43":{"start":{"line":44,"column":0},"end":{"line":44,"column":30}},"44":{"start":{"line":45,"column":0},"end":{"line":45,"column":51}},"45":{"start":{"line":46,"column":0},"end":{"line":46,"column":8}},"46":{"start":{"line":47,"column":0},"end":{"line":47,"column":59}},"47":{"start":{"line":48,"column":0},"end":{"line":48,"column":30}},"48":{"start":{"line":49,"column":0},"end":{"line":49,"column":45}},"49":{"start":{"line":50,"column":0},"end":{"line":50,"column":9}},"50":{"start":{"line":51,"column":0},"end":{"line":51,"column":3}},"51":{"start":{"line":52,"column":0},"end":{"line":52,"column":3}},"52":{"start":{"line":53,"column":0},"end":{"line":53,"column":0}},"53":{"start":{"line":54,"column":0},"end":{"line":54,"column":61}},"54":{"start":{"line":55,"column":0},"end":{"line":55,"column":80}},"55":{"start":{"line":56,"column":0},"end":{"line":56,"column":30}}},"s":{"0":1,"1":0,"2":1,"3":1,"4":1,"5":1,"6":1,"7":1,"8":1,"9":1,"10":1,"11":1,"12":1,"13":1,"14":1,"15":1,"16":1,"17":1,"18":2,"19":1,"20":1,"21":1,"22":1,"23":1,"24":1,"25":1,"26":1,"27":0,"28":1,"29":1,"30":0,"31":1,"32":1,"33":0,"34":0,"35":1,"36":1,"37":2,"38":2,"39":1,"40":1,"41":2,"42":2,"43":1,"44":1,"45":2,"46":2,"47":1,"48":1,"49":2,"50":2,"51":1,"52":1,"53":1,"54":1,"55":1},"branchMap":{"0":{"type":"branch","line":2,"loc":{"start":{"line":2,"column":0},"end":{"line":2,"column":43}},"locations":[{"start":{"line":2,"column":0},"end":{"line":2,"column":43}}]},"1":{"type":"branch","line":18,"loc":{"start":{"line":18,"column":33},"end":{"line":19,"column":61}},"locations":[{"start":{"line":18,"column":33},"end":{"line":19,"column":61}}]},"2":{"type":"branch","line":37,"loc":{"start":{"line":37,"column":15},"end":{"line":51,"column":3}},"locations":[{"start":{"line":37,"column":15},"end":{"line":51,"column":3}}]},"3":{"type":"branch","line":39,"loc":{"start":{"line":39,"column":37},"end":{"line":42,"column":7}},"locations":[{"start":{"line":39,"column":37},"end":{"line":42,"column":7}}]},"4":{"type":"branch","line":43,"loc":{"start":{"line":43,"column":38},"end":{"line":46,"column":7}},"locations":[{"start":{"line":43,"column":38},"end":{"line":46,"column":7}}]},"5":{"type":"branch","line":45,"loc":{"start":{"line":45,"column":42},"end":{"line":45,"column":50}},"locations":[{"start":{"line":45,"column":42},"end":{"line":45,"column":50}}]},"6":{"type":"branch","line":47,"loc":{"start":{"line":47,"column":39},"end":{"line":50,"column":7}},"locations":[{"start":{"line":47,"column":39},"end":{"line":50,"column":7}}]}},"b":{"0":[2],"1":[2],"2":[2],"3":[1],"4":[1],"5":[0],"6":[1]},"fnMap":{"0":{"name":"asyncGeneratorStep","decl":{"start":{"line":2,"column":0},"end":{"line":2,"column":43}},"loc":{"start":{"line":2,"column":0},"end":{"line":2,"column":43}},"line":2},"1":{"name":"_asyncToGenerator","decl":{"start":{"line":2,"column":0},"end":{"line":2,"column":43}},"loc":{"start":{"line":2,"column":0},"end":{"line":2,"column":43}},"line":2},"2":{"name":"_callee","decl":{"start":{"line":19,"column":2},"end":{"line":19,"column":61}},"loc":{"start":{"line":19,"column":2},"end":{"line":19,"column":61}},"line":19},"3":{"name":"getOrderDetails","decl":{"start":{"line":27,"column":19},"end":{"line":29,"column":5}},"loc":{"start":{"line":27,"column":19},"end":{"line":29,"column":5}},"line":27},"4":{"name":"getOrderDetailsLoading","decl":{"start":{"line":30,"column":26},"end":{"line":32,"column":5}},"loc":{"start":{"line":30,"column":26},"end":{"line":32,"column":5}},"line":30},"5":{"name":"getOrderDetailsError","decl":{"start":{"line":33,"column":24},"end":{"line":35,"column":5}},"loc":{"start":{"line":33,"column":24},"end":{"line":35,"column":5}},"line":33},"6":{"name":"extraReducers","decl":{"start":{"line":37,"column":15},"end":{"line":51,"column":3}},"loc":{"start":{"line":37,"column":15},"end":{"line":51,"column":3}},"line":37}},"f":{"0":0,"1":2,"2":0,"3":0,"4":0,"5":0,"6":2}}
,"/Users/paul/Desktop/dev/stellar-burger/stellar-burgers/src/services/slices/orderPostSlice.ts": {"path":"/Users/paul/Desktop/dev/stellar-burger/stellar-burgers/src/services/slices/orderPostSlice.ts","all":false,"statementMap":{"0":{"start":{"line":1,"column":0},"end":{"line":1,"column":65}},"1":{"start":{"line":2,"column":0},"end":{"line":2,"column":43}},"2":{"start":{"line":3,"column":0},"end":{"line":3,"column":56}},"3":{"start":{"line":4,"column":0},"end":{"line":4,"column":0}},"4":{"start":{"line":5,"column":0},"end":{"line":5,"column":20}},"5":{"start":{"line":6,"column":0},"end":{"line":6,"column":23}},"6":{"start":{"line":7,"column":0},"end":{"line":7,"column":19}},"7":{"start":{"line":8,"column":0},"end":{"line":8,"column":23}},"8":{"start":{"line":9,"column":0},"end":{"line":9,"column":2}},"9":{"start":{"line":10,"column":0},"end":{"line":10,"column":0}},"10":{"start":{"line":11,"column":0},"end":{"line":11,"column":42}},"11":{"start":{"line":12,"column":0},"end":{"line":12,"column":14}},"12":{"start":{"line":13,"column":0},"end":{"line":13,"column":17}},"13":{"start":{"line":14,"column":0},"end":{"line":14,"column":13}},"14":{"start":{"line":15,"column":0},"end":{"line":15,"column":2}},"15":{"start":{"line":16,"column":0},"end":{"line":16,"column":0}},"16":{"start":{"line":17,"column":0},"end":{"line":17,"column":44}},"17":{"start":{"line":18,"column":0},"end":{"line":18,"column":22}},"18":{"start":{"line":19,"column":0},"end":{"line":19,"column":64}},"19":{"start":{"line":20,"column":0},"end":{"line":20,"column":2}},"20":{"start":{"line":21,"column":0},"end":{"line":21,"column":0}},"21":{"start":{"line":22,"column":0},"end":{"line":22,"column":32}},"22":{"start":{"line":23,"column":0},"end":{"line":23,"column":16}},"23":{"start":{"line":24,"column":0},"end":{"line":24,"column":29}},"24":{"start":{"line":25,"column":0},"end":{"line":25,"column":13}},"25":{"start":{"line":26,"column":0},"end":{"line":26,"column":23}},"26":{"start":{"line":27,"column":0},"end":{"line":27,"column":25}},"27":{"start":{"line":28,"column":0},"end":{"line":28,"column":28}},"28":{"start":{"line":29,"column":0},"end":{"line":29,"column":25}},"29":{"start":{"line":30,"column":0},"end":{"line":30,"column":5}},"30":{"start":{"line":31,"column":0},"end":{"line":31,"column":4}},"31":{"start":{"line":32,"column":0},"end":{"line":32,"column":14}},"32":{"start":{"line":33,"column":0},"end":{"line":33,"column":21}},"33":{"start":{"line":34,"column":0},"end":{"line":34,"column":25}},"34":{"start":{"line":35,"column":0},"end":{"line":35,"column":6}},"35":{"start":{"line":36,"column":0},"end":{"line":36,"column":28}},"36":{"start":{"line":37,"column":0},"end":{"line":37,"column":27}},"37":{"start":{"line":38,"column":0},"end":{"line":38,"column":6}},"38":{"start":{"line":39,"column":0},"end":{"line":39,"column":26}},"39":{"start":{"line":40,"column":0},"end":{"line":40,"column":25}},"40":{"start":{"line":41,"column":0},"end":{"line":41,"column":5}},"41":{"start":{"line":42,"column":0},"end":{"line":42,"column":4}},"42":{"start":{"line":43,"column":0},"end":{"line":43,"column":31}},"43":{"start":{"line":44,"column":0},"end":{"line":44,"column":11}},"44":{"start":{"line":45,"column":0},"end":{"line":45,"column":48}},"45":{"start":{"line":46,"column":0},"end":{"line":46,"column":29}},"46":{"start":{"line":47,"column":0},"end":{"line":47,"column":27}},"47":{"start":{"line":48,"column":0},"end":{"line":48,"column":8}},"48":{"start":{"line":49,"column":0},"end":{"line":49,"column":57}},"49":{"start":{"line":50,"column":0},"end":{"line":50,"column":30}},"50":{"start":{"line":51,"column":0},"end":{"line":51,"column":51}},"51":{"start":{"line":52,"column":0},"end":{"line":52,"column":8}},"52":{"start":{"line":53,"column":0},"end":{"line":53,"column":58}},"53":{"start":{"line":54,"column":0},"end":{"line":54,"column":30}},"54":{"start":{"line":55,"column":0},"end":{"line":55,"column":43}},"55":{"start":{"line":56,"column":0},"end":{"line":56,"column":9}},"56":{"start":{"line":57,"column":0},"end":{"line":57,"column":3}},"57":{"start":{"line":58,"column":0},"end":{"line":58,"column":3}},"58":{"start":{"line":59,"column":0},"end":{"line":59,"column":0}},"59":{"start":{"line":60,"column":0},"end":{"line":60,"column":47}},"60":{"start":{"line":61,"column":0},"end":{"line":61,"column":59}},"61":{"start":{"line":62,"column":0},"end":{"line":62,"column":23}},"62":{"start":{"line":63,"column":0},"end":{"line":63,"column":49}}},"s":{"0":1,"1":0,"2":1,"3":1,"4":1,"5":1,"6":1,"7":1,"8":1,"9":1,"10":1,"11":1,"12":1,"13":1,"14":1,"15":1,"16":1,"17":1,"18":2,"19":1,"20":1,"21":1,"22":1,"23":1,"24":1,"25":1,"26":0,"27":0,"28":0,"29":0,"30":1,"31":1,"32":1,"33":0,"34":1,"35":1,"36":0,"37":1,"38":1,"39":0,"40":0,"41":1,"42":1,"43":2,"44":2,"45":1,"46":1,"47":2,"48":2,"49":1,"50":1,"51":2,"52":2,"53":1,"54":1,"55":2,"56":2,"57":1,"58":1,"59":1,"60":1,"61":1,"62":1},"branchMap":{"0":{"type":"branch","line":2,"loc":{"start":{"line":2,"column":0},"end":{"line":2,"column":43}},"locations":[{"start":{"line":2,"column":0},"end":{"line":2,"column":43}}]},"1":{"type":"branch","line":18,"loc":{"start":{"line":18,"column":21},"end":{"line":19,"column":64}},"locations":[{"start":{"line":18,"column":21},"end":{"line":19,"column":64}}]},"2":{"type":"branch","line":43,"loc":{"start":{"line":43,"column":17},"end":{"line":57,"column":3}},"locations":[{"start":{"line":43,"column":17},"end":{"line":57,"column":3}}]},"3":{"type":"branch","line":45,"loc":{"start":{"line":45,"column":36},"end":{"line":48,"column":7}},"locations":[{"start":{"line":45,"column":36},"end":{"line":48,"column":7}}]},"4":{"type":"branch","line":49,"loc":{"start":{"line":49,"column":37},"end":{"line":52,"column":7}},"locations":[{"start":{"line":49,"column":37},"end":{"line":52,"column":7}}]},"5":{"type":"branch","line":51,"loc":{"start":{"line":51,"column":42},"end":{"line":51,"column":50}},"locations":[{"start":{"line":51,"column":42},"end":{"line":51,"column":50}}]},"6":{"type":"branch","line":53,"loc":{"start":{"line":53,"column":38},"end":{"line":56,"column":7}},"locations":[{"start":{"line":53,"column":38},"end":{"line":56,"column":7}}]}},"b":{"0":[2],"1":[2],"2":[2],"3":[1],"4":[1],"5":[0],"6":[1]},"fnMap":{"0":{"name":"asyncGeneratorStep","decl":{"start":{"line":2,"column":0},"end":{"line":2,"column":43}},"loc":{"start":{"line":2,"column":0},"end":{"line":2,"column":43}},"line":2},"1":{"name":"_asyncToGenerator","decl":{"start":{"line":2,"column":0},"end":{"line":2,"column":43}},"loc":{"start":{"line":2,"column":0},"end":{"line":2,"column":43}},"line":2},"2":{"name":"_callee","decl":{"start":{"line":19,"column":2},"end":{"line":19,"column":64}},"loc":{"start":{"line":19,"column":2},"end":{"line":19,"column":64}},"line":19},"3":{"name":"resetOrder","decl":{"start":{"line":26,"column":14},"end":{"line":30,"column":5}},"loc":{"start":{"line":26,"column":14},"end":{"line":30,"column":5}},"line":26},"4":{"name":"getOrder","decl":{"start":{"line":33,"column":12},"end":{"line":35,"column":5}},"loc":{"start":{"line":33,"column":12},"end":{"line":35,"column":5}},"line":33},"5":{"name":"getOrderLoading","decl":{"start":{"line":36,"column":19},"end":{"line":38,"column":5}},"loc":{"start":{"line":36,"column":19},"end":{"line":38,"column":5}},"line":36},"6":{"name":"getOrderError","decl":{"start":{"line":39,"column":17},"end":{"line":41,"column":5}},"loc":{"start":{"line":39,"column":17},"end":{"line":41,"column":5}},"line":39},"7":{"name":"extraReducers","decl":{"start":{"line":43,"column":17},"end":{"line":57,"column":3}},"loc":{"start":{"line":43,"column":17},"end":{"line":57,"column":3}},"line":43}},"f":{"0":0,"1":2,"2":0,"3":0,"4":0,"5":0,"6":0,"7":2}}
,"/Users/paul/Desktop/dev/stellar-burger/stellar-burgers/src/services/slices/ordersGetSlice.ts": {"path":"/Users/paul/Desktop/dev/stellar-burger/stellar-burgers/src/services/slices/ordersGetSlice.ts","all":false,"statementMap":{"0":{"start":{"line":1,"column":0},"end":{"line":1,"column":65}},"1":{"start":{"line":2,"column":0},"end":{"line":2,"column":43}},"2":{"start":{"line":3,"column":0},"end":{"line":3,"column":54}},"3":{"start":{"line":4,"column":0},"end":{"line":4,"column":0}},"4":{"start":{"line":5,"column":0},"end":{"line":5,"column":24}},"5":{"start":{"line":6,"column":0},"end":{"line":6,"column":19}},"6":{"start":{"line":7,"column":0},"end":{"line":7,"column":19}},"7":{"start":{"line":8,"column":0},"end":{"line":8,"column":23}},"8":{"start":{"line":9,"column":0},"end":{"line":9,"column":2}},"9":{"start":{"line":10,"column":0},"end":{"line":10,"column":0}},"10":{"start":{"line":11,"column":0},"end":{"line":11,"column":46}},"11":{"start":{"line":12,"column":0},"end":{"line":12,"column":13}},"12":{"start":{"line":13,"column":0},"end":{"line":13,"column":17}},"13":{"start":{"line":14,"column":0},"end":{"line":14,"column":13}},"14":{"start":{"line":15,"column":0},"end":{"line":15,"column":2}},"15":{"start":{"line":16,"column":0},"end":{"line":16,"column":0}},"16":{"start":{"line":17,"column":0},"end":{"line":17,"column":46}},"17":{"start":{"line":18,"column":0},"end":{"line":18,"column":21}},"18":{"start":{"line":19,"column":0},"end":{"line":19,"column":34}},"19":{"start":{"line":20,"column":0},"end":{"line":20,"column":2}},"20":{"start":{"line":21,"column":0},"end":{"line":21,"column":0}},"21":{"start":{"line":22,"column":0},"end":{"line":22,"column":33}},"22":{"start":{"line":23,"column":0},"end":{"line":23,"column":17}},"23":{"start":{"line":24,"column":0},"end":{"line":24,"column":29}},"24":{"start":{"line":25,"column":0},"end":{"line":25,"column":15}},"25":{"start":{"line":26,"column":0},"end":{"line":26,"column":14}},"26":{"start":{"line":27,"column":0},"end":{"line":27,"column":22}},"27":{"start":{"line":28,"column":0},"end":{"line":28,"column":26}},"28":{"start":{"line":29,"column":0},"end":{"line":29,"column":6}},"29":{"start":{"line":30,"column":0},"end":{"line":30,"column":29}},"30":{"start":{"line":31,"column":0},"end":{"line":31,"column":27}},"31":{"start":{"line":32,"column":0},"end":{"line":32,"column":6}},"32":{"start":{"line":33,"column":0},"end":{"line":33,"column":27}},"33":{"start":{"line":34,"column":0},"end":{"line":34,"column":25}},"34":{"start":{"line":35,"column":0},"end":{"line":35,"column":5}},"35":{"start":{"line":36,"column":0},"end":{"line":36,"column":4}},"36":{"start":{"line":37,"column":0},"end":{"line":37,"column":31}},"37":{"start":{"line":38,"column":0},"end":{"line":38,"column":11}},"38":{"start":{"line":39,"column":0},"end":{"line":39,"column":50}},"39":{"start":{"line":40,"column":0},"end":{"line":40,"column":29}},"40":{"start":{"line":41,"column":0},"end":{"line":41,"column":27}},"41":{"start":{"line":42,"column":0},"end":{"line":42,"column":8}},"42":{"start":{"line":43,"column":0},"end":{"line":43,"column":59}},"43":{"start":{"line":44,"column":0},"end":{"line":44,"column":30}},"44":{"start":{"line":45,"column":0},"end":{"line":45,"column":51}},"45":{"start":{"line":46,"column":0},"end":{"line":46,"column":8}},"46":{"start":{"line":47,"column":0},"end":{"line":47,"column":60}},"47":{"start":{"line":48,"column":0},"end":{"line":48,"column":30}},"48":{"start":{"line":49,"column":0},"end":{"line":49,"column":38}},"49":{"start":{"line":50,"column":0},"end":{"line":50,"column":9}},"50":{"start":{"line":51,"column":0},"end":{"line":51,"column":3}},"51":{"start":{"line":52,"column":0},"end":{"line":52,"column":3}},"52":{"start":{"line":53,"column":0},"end":{"line":53,"column":0}},"53":{"start":{"line":54,"column":0},"end":{"line":54,"column":49}},"54":{"start":{"line":55,"column":0},"end":{"line":55,"column":62}},"55":{"start":{"line":56,"column":0},"end":{"line":56,"column":24}}},"s":{"0":1,"1":0,"2":1,"3":1,"4":1,"5":1,"6":1,"7":1,"8":1,"9":1,"10":1,"11":1,"12":1,"13":1,"14":1,"15":1,"16":1,"17":1,"18":1,"19":1,"20":1,"21":1,"22":1,"23":1,"24":1,"25":1,"26":1,"27":0,"28":1,"29":1,"30":0,"31":1,"32":1,"33":0,"34":0,"35":1,"36":1,"37":2,"38":2,"39":1,"40":1,"41":2,"42":2,"43":1,"44":1,"45":2,"46":2,"47":1,"48":1,"49":2,"50":2,"51":1,"52":1,"53":1,"54":1,"55":1},"branchMap":{"0":{"type":"branch","line":2,"loc":{"start":{"line":2,"column":0},"end":{"line":2,"column":43}},"locations":[{"start":{"line":2,"column":0},"end":{"line":2,"column":43}}]},"1":{"type":"branch","line":37,"loc":{"start":{"line":37,"column":17},"end":{"line":51,"column":3}},"locations":[{"start":{"line":37,"column":17},"end":{"line":51,"column":3}}]},"2":{"type":"branch","line":39,"loc":{"start":{"line":39,"column":38},"end":{"line":42,"column":7}},"locations":[{"start":{"line":39,"column":38},"end":{"line":42,"column":7}}]},"3":{"type":"branch","line":43,"loc":{"start":{"line":43,"column":39},"end":{"line":46,"column":7}},"locations":[{"start":{"line":43,"column":39},"end":{"line":46,"column":7}}]},"4":{"type":"branch","line":45,"loc":{"start":{"line":45,"column":42},"end":{"line":45,"column":50}},"locations":[{"start":{"line":45,"column":42},"end":{"line":45,"column":50}}]},"5":{"type":"branch","line":47,"loc":{"start":{"line":47,"column":40},"end":{"line":50,"column":7}},"locations":[{"start":{"line":47,"column":40},"end":{"line":50,"column":7}}]}},"b":{"0":[2],"1":[2],"2":[1],"3":[1],"4":[0],"5":[1]},"fnMap":{"0":{"name":"asyncGeneratorStep","decl":{"start":{"line":2,"column":0},"end":{"line":2,"column":43}},"loc":{"start":{"line":2,"column":0},"end":{"line":2,"column":43}},"line":2},"1":{"name":"_asyncToGenerator","decl":{"start":{"line":2,"column":0},"end":{"line":2,"column":43}},"loc":{"start":{"line":2,"column":0},"end":{"line":2,"column":43}},"line":2},"2":{"name":"_callee","decl":{"start":{"line":19,"column":2},"end":{"line":19,"column":34}},"loc":{"start":{"line":19,"column":2},"end":{"line":19,"column":34}},"line":19},"3":{"name":"getOrders","decl":{"start":{"line":27,"column":13},"end":{"line":29,"column":5}},"loc":{"start":{"line":27,"column":13},"end":{"line":29,"column":5}},"line":27},"4":{"name":"getOrdersLoading","decl":{"start":{"line":30,"column":20},"end":{"line":32,"column":5}},"loc":{"start":{"line":30,"column":20},"end":{"line":32,"column":5}},"line":30},"5":{"name":"getOrdersError","decl":{"start":{"line":33,"column":18},"end":{"line":35,"column":5}},"loc":{"start":{"line":33,"column":18},"end":{"line":35,"column":5}},"line":33},"6":{"name":"extraReducers","decl":{"start":{"line":37,"column":17},"end":{"line":51,"column":3}},"loc":{"start":{"line":37,"column":17},"end":{"line":51,"column":3}},"line":37}},"f":{"0":0,"1":2,"2":0,"3":0,"4":0,"5":0,"6":2}}
,"/Users/paul/Desktop/dev/stellar-burger/stellar-burgers/src/services/slices/userAuthSlice.ts": {"path":"/Users/paul/Desktop/dev/stellar-burger/stellar-burgers/src/services/slices/userAuthSlice.ts","all":false,"statementMap":{"0":{"start":{"line":1,"column":0},"end":{"line":1,"column":80}},"1":{"start":{"line":2,"column":0},"end":{"line":2,"column":8}},"2":{"start":{"line":3,"column":0},"end":{"line":3,"column":13}},"3":{"start":{"line":4,"column":0},"end":{"line":4,"column":16}},"4":{"start":{"line":5,"column":0},"end":{"line":5,"column":13}},"5":{"start":{"line":6,"column":0},"end":{"line":6,"column":15}},"6":{"start":{"line":7,"column":0},"end":{"line":7,"column":12}},"7":{"start":{"line":8,"column":0},"end":{"line":8,"column":18}},"8":{"start":{"line":9,"column":0},"end":{"line":9,"column":15}},"9":{"start":{"line":10,"column":0},"end":{"line":10,"column":32}},"10":{"start":{"line":11,"column":0},"end":{"line":11,"column":72}},"11":{"start":{"line":12,"column":0},"end":{"line":12,"column":42}},"12":{"start":{"line":13,"column":0},"end":{"line":13,"column":0}},"13":{"start":{"line":14,"column":0},"end":{"line":14,"column":49}},"14":{"start":{"line":15,"column":0},"end":{"line":15,"column":68}},"15":{"start":{"line":16,"column":0},"end":{"line":16,"column":0}},"16":{"start":{"line":17,"column":0},"end":{"line":17,"column":42}},"17":{"start":{"line":18,"column":0},"end":{"line":18,"column":19}},"18":{"start":{"line":19,"column":0},"end":{"line":19,"column":35}},"19":{"start":{"line":20,"column":0},"end":{"line":20,"column":50}},"20":{"start":{"line":21,"column":0},"end":{"line":21,"column":51}},"21":{"start":{"line":22,"column":0},"end":{"line":22,"column":64}},"22":{"start":{"line":23,"column":0},"end":{"line":23,"column":25}},"23":{"start":{"line":24,"column":0},"end":{"line":24,"column":3}},"24":{"start":{"line":25,"column":0},"end":{"line":25,"column":2}},"25":{"start":{"line":26,"column":0},"end":{"line":26,"column":0}},"26":{"start":{"line":27,"column":0},"end":{"line":27,"column":45}},"27":{"start":{"line":28,"column":0},"end":{"line":28,"column":22}},"28":{"start":{"line":29,"column":0},"end":{"line":29,"column":38}},"29":{"start":{"line":30,"column":0},"end":{"line":30,"column":53}},"30":{"start":{"line":31,"column":0},"end":{"line":31,"column":51}},"31":{"start":{"line":32,"column":0},"end":{"line":32,"column":64}},"32":{"start":{"line":33,"column":0},"end":{"line":33,"column":25}},"33":{"start":{"line":34,"column":0},"end":{"line":34,"column":3}},"34":{"start":{"line":35,"column":0},"end":{"line":35,"column":2}},"35":{"start":{"line":36,"column":0},"end":{"line":36,"column":0}},"36":{"start":{"line":37,"column":0},"end":{"line":37,"column":43}},"37":{"start":{"line":38,"column":0},"end":{"line":38,"column":20}},"38":{"start":{"line":39,"column":0},"end":{"line":39,"column":38}},"39":{"start":{"line":40,"column":0},"end":{"line":40,"column":51}},"40":{"start":{"line":41,"column":0},"end":{"line":41,"column":25}},"41":{"start":{"line":42,"column":0},"end":{"line":42,"column":3}},"42":{"start":{"line":43,"column":0},"end":{"line":43,"column":2}},"43":{"start":{"line":44,"column":0},"end":{"line":44,"column":0}},"44":{"start":{"line":45,"column":0},"end":{"line":45,"column":75}},"45":{"start":{"line":46,"column":0},"end":{"line":46,"column":20}},"46":{"start":{"line":47,"column":0},"end":{"line":47,"column":30}},"47":{"start":{"line":48,"column":0},"end":{"line":48,"column":42}},"48":{"start":{"line":49,"column":0},"end":{"line":49,"column":3}},"49":{"start":{"line":50,"column":0},"end":{"line":50,"column":0}},"50":{"start":{"line":51,"column":0},"end":{"line":51,"column":46}},"51":{"start":{"line":52,"column":0},"end":{"line":52,"column":23}},"52":{"start":{"line":53,"column":0},"end":{"line":53,"column":30}},"53":{"start":{"line":54,"column":0},"end":{"line":54,"column":35}},"54":{"start":{"line":55,"column":0},"end":{"line":55,"column":18}},"55":{"start":{"line":56,"column":0},"end":{"line":56,"column":51}},"56":{"start":{"line":57,"column":0},"end":{"line":57,"column":22}},"57":{"start":{"line":58,"column":0},"end":{"line":58,"column":38}},"58":{"start":{"line":59,"column":0},"end":{"line":59,"column":50}},"59":{"start":{"line":60,"column":0},"end":{"line":60,"column":10}},"60":{"start":{"line":61,"column":0},"end":{"line":61,"column":55}},"61":{"start":{"line":62,"column":0},"end":{"line":62,"column":12}},"62":{"start":{"line":63,"column":0},"end":{"line":63,"column":37}},"63":{"start":{"line":64,"column":0},"end":{"line":64,"column":5}},"64":{"start":{"line":65,"column":0},"end":{"line":65,"column":3}},"65":{"start":{"line":66,"column":0},"end":{"line":66,"column":2}},"66":{"start":{"line":67,"column":0},"end":{"line":67,"column":0}},"67":{"start":{"line":68,"column":0},"end":{"line":68,"column":48}},"68":{"start":{"line":69,"column":0},"end":{"line":69,"column":23}},"69":{"start":{"line":70,"column":0},"end":{"line":70,"column":25}},"70":{"start":{"line":71,"column":0},"end":{"line":71,"column":21}},"71":{"start":{"line":72,"column":0},"end":{"line":72,"column":23}},"72":{"start":{"line":73,"column":0},"end":{"line":73,"column":2}},"73":{"start":{"line":74,"column":0},"end":{"line":74,"column":0}},"74":{"start":{"line":75,"column":0},"end":{"line":75,"column":28}},"75":{"start":{"line":76,"column":0},"end":{"line":76,"column":45}},"76":{"start":{"line":77,"column":0},"end":{"line":77,"column":23}},"77":{"start":{"line":78,"column":0},"end":{"line":78,"column":13}},"78":{"start":{"line":79,"column":0},"end":{"line":79,"column":13}},"79":{"start":{"line":80,"column":0},"end":{"line":80,"column":2}},"80":{"start":{"line":81,"column":0},"end":{"line":81,"column":0}},"81":{"start":{"line":82,"column":0},"end":{"line":82,"column":57}},"82":{"start":{"line":83,"column":0},"end":{"line":83,"column":42}},"83":{"start":{"line":84,"column":0},"end":{"line":84,"column":19}},"84":{"start":{"line":85,"column":0},"end":{"line":85,"column":15}},"85":{"start":{"line":86,"column":0},"end":{"line":86,"column":13}},"86":{"start":{"line":87,"column":0},"end":{"line":87,"column":64}},"87":{"start":{"line":88,"column":0},"end":{"line":88,"column":43}},"88":{"start":{"line":89,"column":0},"end":{"line":89,"column":6}},"89":{"start":{"line":90,"column":0},"end":{"line":90,"column":62}},"90":{"start":{"line":91,"column":0},"end":{"line":91,"column":34}},"91":{"start":{"line":92,"column":0},"end":{"line":92,"column":5}},"92":{"start":{"line":93,"column":0},"end":{"line":93,"column":4}},"93":{"start":{"line":94,"column":0},"end":{"line":94,"column":14}},"94":{"start":{"line":95,"column":0},"end":{"line":95,"column":39}},"95":{"start":{"line":96,"column":0},"end":{"line":96,"column":51}},"96":{"start":{"line":97,"column":0},"end":{"line":97,"column":40}},"97":{"start":{"line":98,"column":0},"end":{"line":98,"column":4}},"98":{"start":{"line":99,"column":0},"end":{"line":99,"column":31}},"99":{"start":{"line":100,"column":0},"end":{"line":100,"column":11}},"100":{"start":{"line":101,"column":0},"end":{"line":101,"column":44}},"101":{"start":{"line":102,"column":0},"end":{"line":102,"column":27}},"102":{"start":{"line":103,"column":0},"end":{"line":103,"column":8}},"103":{"start":{"line":104,"column":0},"end":{"line":104,"column":53}},"104":{"start":{"line":105,"column":0},"end":{"line":105,"column":75}},"105":{"start":{"line":106,"column":0},"end":{"line":106,"column":8}},"106":{"start":{"line":107,"column":0},"end":{"line":107,"column":54}},"107":{"start":{"line":108,"column":0},"end":{"line":108,"column":41}},"108":{"start":{"line":109,"column":0},"end":{"line":109,"column":8}},"109":{"start":{"line":110,"column":0},"end":{"line":110,"column":46}},"110":{"start":{"line":111,"column":0},"end":{"line":111,"column":27}},"111":{"start":{"line":112,"column":0},"end":{"line":112,"column":8}},"112":{"start":{"line":113,"column":0},"end":{"line":113,"column":55}},"113":{"start":{"line":114,"column":0},"end":{"line":114,"column":61}},"114":{"start":{"line":115,"column":0},"end":{"line":115,"column":8}},"115":{"start":{"line":116,"column":0},"end":{"line":116,"column":56}},"116":{"start":{"line":117,"column":0},"end":{"line":117,"column":36}},"117":{"start":{"line":118,"column":0},"end":{"line":118,"column":8}},"118":{"start":{"line":119,"column":0},"end":{"line":119,"column":49}},"119":{"start":{"line":120,"column":0},"end":{"line":120,"column":27}},"120":{"start":{"line":121,"column":0},"end":{"line":121,"column":8}},"121":{"start":{"line":122,"column":0},"end":{"line":122,"column":58}},"122":{"start":{"line":123,"column":0},"end":{"line":123,"column":68}},"123":{"start":{"line":124,"column":0},"end":{"line":124,"column":8}},"124":{"start":{"line":125,"column":0},"end":{"line":125,"column":59}},"125":{"start":{"line":126,"column":0},"end":{"line":126,"column":36}},"126":{"start":{"line":127,"column":0},"end":{"line":127,"column":8}},"127":{"start":{"line":128,"column":0},"end":{"line":128,"column":47}},"128":{"start":{"line":129,"column":0},"end":{"line":129,"column":27}},"129":{"start":{"line":130,"column":0},"end":{"line":130,"column":8}},"130":{"start":{"line":131,"column":0},"end":{"line":131,"column":56}},"131":{"start":{"line":132,"column":0},"end":{"line":132,"column":73}},"132":{"start":{"line":133,"column":0},"end":{"line":133,"column":8}},"133":{"start":{"line":134,"column":0},"end":{"line":134,"column":57}},"134":{"start":{"line":135,"column":0},"end":{"line":135,"column":36}},"135":{"start":{"line":136,"column":0},"end":{"line":136,"column":8}},"136":{"start":{"line":137,"column":0},"end":{"line":137,"column":47}},"137":{"start":{"line":138,"column":0},"end":{"line":138,"column":27}},"138":{"start":{"line":139,"column":0},"end":{"line":139,"column":8}},"139":{"start":{"line":140,"column":0},"end":{"line":140,"column":56}},"140":{"start":{"line":141,"column":0},"end":{"line":141,"column":62}},"141":{"start":{"line":142,"column":0},"end":{"line":142,"column":8}},"142":{"start":{"line":143,"column":0},"end":{"line":143,"column":49}},"143":{"start":{"line":144,"column":0},"end":{"line":144,"column":26}},"144":{"start":{"line":145,"column":0},"end":{"line":145,"column":9}},"145":{"start":{"line":146,"column":0},"end":{"line":146,"column":3}},"146":{"start":{"line":147,"column":0},"end":{"line":147,"column":3}},"147":{"start":{"line":148,"column":0},"end":{"line":148,"column":0}},"148":{"start":{"line":149,"column":0},"end":{"line":149,"column":43}},"149":{"start":{"line":150,"column":0},"end":{"line":150,"column":53}},"150":{"start":{"line":151,"column":0},"end":{"line":151,"column":60}},"151":{"start":{"line":152,"column":0},"end":{"line":152,"column":26}},"152":{"start":{"line":153,"column":0},"end":{"line":153,"column":65}}},"s":{"0":1,"1":0,"2":1,"3":1,"4":1,"5":1,"6":1,"7":1,"8":1,"9":1,"10":1,"11":1,"12":1,"13":1,"14":1,"15":1,"16":1,"17":1,"18":2,"19":0,"20":0,"21":0,"22":0,"23":2,"24":1,"25":1,"26":1,"27":1,"28":2,"29":0,"30":0,"31":0,"32":0,"33":2,"34":1,"35":1,"36":1,"37":1,"38":2,"39":0,"40":0,"41":2,"42":1,"43":1,"44":1,"45":0,"46":0,"47":0,"48":1,"49":1,"50":1,"51":1,"52":2,"53":0,"54":0,"55":0,"56":0,"57":0,"58":0,"59":0,"60":0,"61":0,"62":0,"63":0,"64":2,"65":1,"66":1,"67":1,"68":1,"69":1,"70":1,"71":1,"72":1,"73":1,"74":1,"75":1,"76":1,"77":1,"78":1,"79":1,"80":1,"81":1,"82":1,"83":1,"84":1,"85":1,"86":1,"87":0,"88":1,"89":1,"90":0,"91":0,"92":1,"93":1,"94":1,"95":1,"96":1,"97":1,"98":1,"99":2,"100":2,"101":1,"102":2,"103":2,"104":1,"105":2,"106":2,"107":1,"108":2,"109":2,"110":1,"111":2,"112":2,"113":1,"114":2,"115":2,"116":1,"117":2,"118":2,"119":1,"120":2,"121":2,"122":1,"123":2,"124":2,"125":1,"126":2,"127":2,"128":1,"129":2,"130":2,"131":1,"132":2,"133":2,"134":1,"135":2,"136":2,"137":1,"138":2,"139":2,"140":1,"141":2,"142":2,"143":1,"144":2,"145":2,"146":1,"147":1,"148":1,"149":1,"150":1,"151":1,"152":1},"branchMap":{"0":{"type":"branch","line":2,"loc":{"start":{"line":2,"column":0},"end":{"line":2,"column":8}},"locations":[{"start":{"line":2,"column":0},"end":{"line":2,"column":8}}]},"1":{"type":"branch","line":18,"loc":{"start":{"line":18,"column":18},"end":{"line":24,"column":3}},"locations":[{"start":{"line":18,"column":18},"end":{"line":24,"column":3}}]},"2":{"type":"branch","line":28,"loc":{"start":{"line":28,"column":21},"end":{"line":34,"column":3}},"locations":[{"start":{"line":28,"column":21},"end":{"line":34,"column":3}}]},"3":{"type":"branch","line":38,"loc":{"start":{"line":38,"column":19},"end":{"line":42,"column":3}},"locations":[{"start":{"line":38,"column":19},"end":{"line":42,"column":3}}]},"4":{"type":"branch","line":52,"loc":{"start":{"line":52,"column":22},"end":{"line":65,"column":3}},"locations":[{"start":{"line":52,"column":22},"end":{"line":65,"column":3}}]},"5":{"type":"branch","line":99,"loc":{"start":{"line":99,"column":17},"end":{"line":146,"column":3}},"locations":[{"start":{"line":99,"column":17},"end":{"line":146,"column":3}}]},"6":{"type":"branch","line":101,"loc":{"start":{"line":101,"column":32},"end":{"line":103,"column":7}},"locations":[{"start":{"line":101,"column":32},"end":{"line":103,"column":7}}]},"7":{"type":"branch","line":104,"loc":{"start":{"line":104,"column":33},"end":{"line":106,"column":7}},"locations":[{"start":{"line":104,"column":33},"end":{"line":106,"column":7}}]},"8":{"type":"branch","line":105,"loc":{"start":{"line":105,"column":42},"end":{"line":105,"column":74}},"locations":[{"start":{"line":105,"column":42},"end":{"line":105,"column":74}}]},"9":{"type":"branch","line":107,"loc":{"start":{"line":107,"column":34},"end":{"line":109,"column":7}},"locations":[{"start":{"line":107,"column":34},"end":{"line":109,"column":7}}]},"10":{"type":"branch","line":110,"loc":{"start":{"line":110,"column":34},"end":{"line":112,"column":7}},"locations":[{"start":{"line":110,"column":34},"end":{"line":112,"column":7}}]},"11":{"type":"branch","line":113,"loc":{"start":{"line":113,"column":35},"end":{"line":115,"column":7}},"locations":[{"start":{"line":113,"column":35},"end":{"line":115,"column":7}}]},"12":{"type":"branch","line":114,"loc":{"start":{"line":114,"column":42},"end":{"line":114,"column":60}},"locations":[{"start":{"line":114,"column":42},"end":{"line":114,"column":60}}]},"13":{"type":"branch","line":116,"loc":{"start":{"line":116,"column":36},"end":{"line":118,"column":7}},"locations":[{"start":{"line":116,"column":36},"end":{"line":118,"column":7}}]},"14":{"type":"branch","line":119,"loc":{"start":{"line":119,"column":37},"end":{"line":121,"column":7}},"locations":[{"start":{"line":119,"column":37},"end":{"line":121,"column":7}}]},"15":{"type":"branch","line":122,"loc":{"start":{"line":122,"column":38},"end":{"line":124,"column":7}},"locations":[{"start":{"line":122,"column":38},"end":{"line":124,"column":7}}]},"16":{"type":"branch","line":123,"loc":{"start":{"line":123,"column":42},"end":{"line":123,"column":67}},"locations":[{"start":{"line":123,"column":42},"end":{"line":123,"column":67}}]},"17":{"type":"branch","line":125,"loc":{"start":{"line":125,"column":39},"end":{"line":127,"column":7}},"locations":[{"start":{"line":125,"column":39},"end":{"line":127,"column":7}}]},"18":{"type":"branch","line":128,"loc":{"start":{"line":128,"column":35},"end":{"line":130,"column":7}},"locations":[{"start":{"line":128,"column":35},"end":{"line":130,"column":7}}]},"19":{"type":"branch","line":131,"loc":{"start":{"line":131,"column":36},"end":{"line":133,"column":7}},"locations":[{"start":{"line":131,"column":36},"end":{"line":133,"column":7}}]},"20":{"type":"branch","line":132,"loc":{"start":{"line":132,"column":42},"end
[...]
":0},"end":{"line":212,"column":14}},"212":{"start":{"line":213,"column":0},"end":{"line":213,"column":45}},"213":{"start":{"line":214,"column":0},"end":{"line":214,"column":20}},"214":{"start":{"line":215,"column":0},"end":{"line":215,"column":5}},"215":{"start":{"line":216,"column":0},"end":{"line":216,"column":0}},"216":{"start":{"line":217,"column":0},"end":{"line":217,"column":62}},"217":{"start":{"line":218,"column":0},"end":{"line":218,"column":55}},"218":{"start":{"line":219,"column":0},"end":{"line":219,"column":20}},"219":{"start":{"line":220,"column":0},"end":{"line":220,"column":14}},"220":{"start":{"line":221,"column":0},"end":{"line":221,"column":55}},"221":{"start":{"line":222,"column":0},"end":{"line":222,"column":45}},"222":{"start":{"line":223,"column":0},"end":{"line":223,"column":21}},"223":{"start":{"line":224,"column":0},"end":{"line":224,"column":30}},"224":{"start":{"line":225,"column":0},"end":{"line":225,"column":5}},"225":{"start":{"line":226,"column":0},"end":{"line":226,"column":0}},"226":{"start":{"line":227,"column":0},"end":{"line":227,"column":30}},"227":{"start":{"line":228,"column":0},"end":{"line":228,"column":31}},"228":{"start":{"line":229,"column":0},"end":{"line":229,"column":19}},"229":{"start":{"line":230,"column":0},"end":{"line":230,"column":14}},"230":{"start":{"line":231,"column":0},"end":{"line":231,"column":54}},"231":{"start":{"line":232,"column":0},"end":{"line":232,"column":6}},"232":{"start":{"line":233,"column":0},"end":{"line":233,"column":26}},"233":{"start":{"line":234,"column":0},"end":{"line":234,"column":49}},"234":{"start":{"line":235,"column":0},"end":{"line":235,"column":6}},"235":{"start":{"line":236,"column":0},"end":{"line":236,"column":60}}},"s":{"0":1,"1":0,"2":1,"3":1,"4":1,"5":1,"6":1,"7":0,"8":1,"9":1,"10":1,"11":1,"12":1,"13":1,"14":1,"15":1,"16":1,"17":1,"18":1,"19":0,"20":0,"21":0,"22":0,"23":0,"24":0,"25":0,"26":0,"27":0,"28":0,"29":0,"30":0,"31":0,"32":0,"33":0,"34":0,"35":0,"36":0,"37":1,"38":1,"39":0,"40":0,"41":0,"42":0,"43":0,"44":0,"45":0,"46":0,"47":0,"48":0,"49":0,"50":0,"51":0,"52":0,"53":0,"54":0,"55":0,"56":1,"57":1,"58":1,"59":1,"60":1,"61":1,"62":1,"63":1,"64":1,"65":1,"66":1,"67":1,"68":1,"69":1,"70":1,"71":1,"72":1,"73":1,"74":1,"75":0,"76":0,"77":0,"78":0,"79":0,"80":0,"81":1,"82":1,"83":0,"84":0,"85":0,"86":0,"87":0,"88":0,"89":1,"90":1,"91":0,"92":0,"93":0,"94":0,"95":0,"96":0,"97":0,"98":0,"99":0,"100":0,"101":1,"102":1,"103":1,"104":1,"105":1,"106":1,"107":1,"108":0,"109":0,"110":0,"111":0,"112":0,"113":0,"114":0,"115":0,"116":0,"117":0,"118":0,"119":0,"120":0,"121":1,"122":1,"123":1,"124":1,"125":1,"126":1,"127":0,"128":0,"129":0,"130":0,"131":0,"132":0,"133":1,"134":1,"135":1,"136":1,"137":1,"138":1,"139":1,"140":1,"141":1,"142":1,"143":1,"144":1,"145":1,"146":1,"147":0,"148":0,"149":0,"150":0,"151":0,"152":0,"153":0,"154":0,"155":0,"156":0,"157":0,"158":0,"159":1,"160":1,"161":1,"162":1,"163":1,"164":1,"165":1,"166":0,"167":0,"168":0,"169":0,"170":0,"171":0,"172":0,"173":0,"174":0,"175":0,"176":0,"177":0,"178":1,"179":1,"180":0,"181":0,"182":0,"183":0,"184":0,"185":0,"186":0,"187":0,"188":0,"189":0,"190":0,"191":0,"192":1,"193":1,"194":0,"195":0,"196":0,"197":0,"198":0,"199":0,"200":0,"201":0,"202":0,"203":0,"204":0,"205":0,"206":1,"207":1,"208":1,"209":1,"210":0,"211":0,"212":0,"213":0,"214":0,"215":1,"216":1,"217":0,"218":0,"219":0,"220":0,"221":0,"222":0,"223":0,"224":0,"225":1,"226":1,"227":0,"228":0,"229":0,"230":0,"231":0,"232":0,"233":0,"234":0,"235":0},"branchMap":{"0":{"type":"branch","line":2,"loc":{"start":{"line":2,"column":-1},"end":{"line":2,"column":66}},"locations":[{"start":{"line":2,"column":-1},"end":{"line":2,"column":66}}]},"1":{"type":"branch","line":2,"loc":{"start":{"line":2,"column":0},"end":{"line":2,"column":66}},"locations":[{"start":{"line":2,"column":0},"end":{"line":2,"column":66}}]},"2":{"type":"branch","line":2,"loc":{"start":{"line":2,"column":0},"end":{"line":2,"column":66}},"locations":[{"start":{"line":2,"column":0},"end":{"line":2,"column":66}}]},"3":{"type":"branch","line":2,"loc":{"start":{"line":2,"column":0},"end":{"line":2,"column":66}},"locations":[{"start":{"line":2,"column":0},"end":{"line":2,"column":66}}]},"4":{"type":"branch","line":2,"loc":{"start":{"line":2,"column":0},"end":{"line":2,"column":66}},"locations":[{"start":{"line":2,"column":0},"end":{"line":2,"column":66}}]},"5":{"type":"branch","line":2,"loc":{"start":{"line":2,"column":0},"end":{"line":2,"column":66}},"locations":[{"start":{"line":2,"column":0},"end":{"line":2,"column":66}}]},"6":{"type":"branch","line":2,"loc":{"start":{"line":2,"column":0},"end":{"line":2,"column":66}},"locations":[{"start":{"line":2,"column":0},"end":{"line":2,"column":66}}]},"7":{"type":"branch","line":2,"loc":{"start":{"line":2,"column":0},"end":{"line":2,"column":66}},"locations":[{"start":{"line":2,"column":0},"end":{"line":2,"column":66}}]},"8":{"type":"branch","line":2,"loc":{"start":{"line":2,"column":0},"end":{"line":2,"column":66}},"locations":[{"start":{"line":2,"column":0},"end":{"line":2,"column":66}}]},"9":{"type":"branch","line":2,"loc":{"start":{"line":2,"column":0},"end":{"line":2,"column":66}},"locations":[{"start":{"line":2,"column":0},"end":{"line":2,"column":66}}]},"10":{"type":"branch","line":2,"loc":{"start":{"line":2,"column":0},"end":{"line":2,"column":66}},"locations":[{"start":{"line":2,"column":0},"end":{"line":2,"column":66}}]},"11":{"type":"branch","line":2,"loc":{"start":{"line":2,"column":0},"end":{"line":2,"column":66}},"locations":[{"start":{"line":2,"column":0},"end":{"line":2,"column":66}}]},"12":{"type":"branch","line":2,"loc":{"start":{"line":2,"column":0},"end":{"line":2,"column":66}},"locations":[{"start":{"line":2,"column":0},"end":{"line":2,"column":66}}]},"13":{"type":"branch","line":2,"loc":{"start":{"line":2,"column":0},"end":{"line":2,"column":66}},"locations":[{"start":{"line":2,"column":0},"end":{"line":2,"column":66}}]},"14":{"type":"branch","line":2,"loc":{"start":{"line":2,"column":0},"end":{"line":2,"column":66}},"locations":[{"start":{"line":2,"column":0},"end":{"line":2,"column":66}}]},"15":{"type":"branch","line":2,"loc":{"start":{"line":2,"column":0},"end":{"line":2,"column":66}},"locations":[{"start":{"line":2,"column":0},"end":{"line":2,"column":66}}]},"16":{"type":"branch","line":2,"loc":{"start":{"line":2,"column":0},"end":{"line":2,"column":66}},"locations":[{"start":{"line":2,"column":0},"end":{"line":2,"column":66}}]},"17":{"type":"branch","line":39,"loc":{"start":{"line":39,"column":29},"end":{"line":39,"column":32}},"locations":[{"start":{"line":39,"column":29},"end":{"line":39,"column":32}}]}},"b":{"0":[7],"1":[0],"2":[0],"3":[0],"4":[0],"5":[0],"6":[0],"7":[91],"8":[14],"9":[42],"10":[7],"11":[0],"12":[0],"13":[0],"14":[7],"15":[0],"16":[7],"17":[7]},"fnMap":{"0":{"name":"_regeneratorRuntime","decl":{"start":{"line":2,"column":-1},"end":{"line":2,"column":66}},"loc":{"start":{"line":2,"column":-1},"end":{"line":2,"column":66}},"line":2},"1":{"name":"_regeneratorRuntime","decl":{"start":{"line":2,"column":0},"end":{"line":2,"column":66}},"loc":{"start":{"line":2,"column":0},"end":{"line":2,"column":66}},"line":2},"2":{"name":"o","decl":{"start":{"line":2,"column":0},"end":{"line":2,"column":66}},"loc":{"start":{"line":2,"column":0},"end":{"line":2,"column":66}},"line":2},"3":{"name":"define","decl":{"start":{"line":2,"column":0},"end":{"line":2,"column":66}},"loc":{"start":{"line":2,"column":0},"end":{"line":2,"column":66}},"line":2},"4":{"name":"define","decl":{"start":{"line":2,"column":0},"end":{"line":2,"column":66}},"loc":{"start":{"line":2,"column":0},"end":{"line":2,"column":66}},"line":2},"5":{"name":"wrap","decl":{"start":{"line":2,"column":0},"end":{"line":2,"column":66}},"loc":{"start":{"line":2,"column":0},"end":{"line":2,"column":66}},"line":2},"6":{"name":"tryCatch","decl":{"start":{"line":2,"column":0},"end":{"line":2,"column":66}},"loc":{"start":{"line":2,"column":0},"end":{"line":2,"column":66}},"line":2},"7":{"name":"Generator","decl":{"start":{"line":2,"column":0},"end":{"line":2,"column":66}},"loc":{"start":{"line":2,"column":0},"end":{"line":2,"column":66}},"line":2},"8":{"name":"GeneratorFunction","decl":{"start":{"line":2,"column":0},"end":{"line":2,"column":66}},"loc":{"start":{"line":2,"column":0},"end":{"line":2,"column":66}},"line":2},"9":{"name":"GeneratorFunctionPrototype","decl":{"start":{"line":2,"column":0},"end":{"line":2,"column":66}},"loc":{"start":{"line":2,"column":0},"end":{"line":2,"column":66}},"line":2},"10":{"name":"defineIteratorMethods","decl":{"start":{"line":2,"column":0},"end":{"line":2,"column":66}},"loc":{"start":{"line":2,"column":0},"end":{"line":2,"column":66}},"line":2},"11":{"name":"AsyncIterator","decl":{"start":{"line":2,"column":0},"end":{"line":2,"column":66}},"loc":{"start":{"line":2,"column":0},"end":{"line":2,"column":66}},"line":2},"12":{"name":"makeInvokeMethod","decl":{"start":{"line":2,"column":0},"end":{"line":2,"column":66}},"loc":{"start":{"line":2,"column":0},"end":{"line":2,"column":66}},"line":2},"13":{"name":"maybeInvokeDelegate","decl":{"start":{"line":2,"column":0},"end":{"line":2,"column":66}},"loc":{"start":{"line":2,"column":0},"end":{"line":2,"column":66}},"line":2},"14":{"name":"pushTryEntry","decl":{"start":{"line":2,"column":0},"end":{"line":2,"column":66}},"loc":{"start":{"line":2,"column":0},"end":{"line":2,"column":66}},"line":2},"15":{"name":"resetTryEntry","decl":{"start":{"line":2,"column":0},"end":{"line":2,"column":66}},"loc":{"start":{"line":2,"column":0},"end":{"line":2,"column":66}},"line":2},"16":{"name":"Context","decl":{"start":{"line":2,"column":0},"end":{"line":2,"column":66}},"loc":{"start":{"line":2,"column":0},"end":{"line":2,"column":66}},"line":2},"17":{"name":"values","decl":{"start":{"line":2,"column":0},"end":{"line":2,"column":66}},"loc":{"start":{"line":2,"column":0},"end":{"line":2,"column":66}},"line":2},"18":{"name":"next","decl":{"start":{"line":2,"column":0},"end":{"line":2,"column":66}},"loc":{"start":{"line":2,"column":0},"end":{"line":2,"column":66}},"line":2},"19":{"name":"e.isGeneratorFunction","decl":{"start":{"line":2,"column":0},"end":{"line":2,"column":66}},"loc":{"start":{"line":2,"column":0},"end":{"line":2,"column":66}},"line":2},"20":{"name":"e.mark","decl":{"start":{"line":2,"column":0},"end":{"line":2,"column":66}},"loc":{"start":{"line":2,"column":0},"end":{"line":2,"column":66}},"line":2},"21":{"name":"e.awrap","decl":{"start":{"line":2,"column":0},"end":{"line":2,"column":66}},"loc":{"start":{"line":2,"column":0},"end":{"line":2,"column":66}},"line":2},"22":{"name":"e.async","decl":{"start":{"line":2,"column":0},"end":{"line":2,"column":66}},"loc":{"start":{"line":2,"column":0},"end":{"line":2,"column":66}},"line":2},"23":{"name":"e.keys","decl":{"start":{"line":2,"column":0},"end":{"line":2,"column":66}},"loc":{"start":{"line":2,"column":0},"end":{"line":2,"column":66}},"line":2},"24":{"name":"reset","decl":{"start":{"line":2,"column":0},"end":{"line":2,"column":66}},"loc":{"start":{"line":2,"column":0},"end":{"line":2,"column":66}},"line":2},"25":{"name":"stop","decl":{"start":{"line":2,"column":0},"end":{"line":2,"column":66}},"loc":{"start":{"line":2,"column":0},"end":{"line":2,"column":66}},"line":2},"26":{"name":"dispatchException","decl":{"start":{"line":2,"column":0},"end":{"line":2,"column":66}},"loc":{"start":{"line":2,"column":0},"end":{"line":2,"column":66}},"line":2},"27":{"name":"abrupt","decl":{"start":{"line":2,"column":0},"end":{"line":2,"column":66}},"loc":{"start":{"line":2,"column":0},"end":{"line":2,"column":66}},"line":2},"28":{"name":"complete","decl":{"start":{"line":2,"column":0},"end":{"line":2,"column":66}},"loc":{"start":{"line":2,"column":0},"end":{"line":2,"column":66}},"line":2},"29":{"name":"finish","decl":{"start":{"line":2,"column":0},"end":{"line":2,"column":66}},"loc":{"start":{"line":2,"column":0},"end":{"line":2,"column":66}},"line":2},"30":{"name":"_catch","decl":{"start":{"line":2,"column":0},"end":{"line":2,"column":66}},"loc":{"start":{"line":2,"column":0},"end":{"line":2,"column":66}},"line":2},"31":{"name":"delegateYield","decl":{"start":{"line":2,"column":0},"end":{"line":2,"column":66}},"loc":{"start":{"line":2,"column":0},"end":{"line":2,"column":66}},"line":2},"32":{"name":"asyncGeneratorStep","decl":{"start":{"line":2,"column":0},"end":{"line":2,"column":66}},"loc":{"start":{"line":2,"column":0},"end":{"line":2,"column":66}},"line":2},"33":{"name":"_asyncToGenerator","decl":{"start":{"line":2,"column":0},"end":{"line":2,"column":66}},"loc":{"start":{"line":2,"column":0},"end":{"line":2,"column":66}},"line":2},"34":{"name":"checkResponse","decl":{"start":{"line":7,"column":22},"end":{"line":8,"column":70}},"loc":{"start":{"line":7,"column":22},"end":{"line":8,"column":70}},"line":7},"35":{"name":"refreshToken","decl":{"start":{"line":19,"column":28},"end":{"line":37,"column":7}},"loc":{"start":{"line":19,"column":28},"end":{"line":37,"column":7}},"line":19},"36":{"name":"_callee","decl":{"start":{"line":39,"column":32},"end":{"line":56,"column":33}},"loc":{"start":{"line":39,"column":32},"end":{"line":56,"column":33}},"line":39},"37":{"name":"getIngredientsApi","decl":{"start":{"line":75,"column":33},"end":{"line":81,"column":7}},"loc":{"start":{"line":75,"column":33},"end":{"line":81,"column":7}},"line":75},"38":{"name":"getFeedsApi","decl":{"start":{"line":83,"column":27},"end":{"line":89,"column":7}},"loc":{"start":{"line":83,"column":27},"end":{"line":89,"column":7}},"line":83},"39":{"name":"getOrdersApi","decl":{"start":{"line":91,"column":28},"end":{"line":101,"column":5}},"loc":{"start":{"line":91,"column":28},"end":{"line":101,"column":5}},"line":91},"40":{"name":"orderBurgerApi","decl":{"start":{"line":108,"column":30},"end":{"line":121,"column":5}},"loc":{"start":{"line":108,"column":30},"end":{"line":121,"column":5}},"line":108},"41":{"name":"getOrderByNumberApi","decl":{"start":{"line":127,"column":35},"end":{"line":133,"column":55}},"loc":{"start":{"line":127,"column":35},"end":{"line":133,"column":55}},"line":127},"42":{"name":"registerUserApi","decl":{"start":{"line":147,"column":31},"end":{"line":159,"column":7}},"loc":{"start":{"line":147,"column":31},"end":{"line":159,"column":7}},"line":147},"43":{"name":"loginUserApi","decl":{"start":{"line":166,"column":28},"end":{"line":178,"column":7}},"loc":{"start":{"line":166,"column":28},"end":{"line":178,"column":7}},"line":166},"44":{"name":"forgotPasswordApi","decl":{"start":{"line":180,"column":33},"end":{"line":192,"column":7}},"loc":{"start":{"line":180,"column":33},"end":{"line":192,"column":7}},"line":180},"45":{"name":"resetPasswordApi","decl":{"start":{"line":194,"column":32},"end":{"line":206,"column":7}},"loc":{"start":{"line":194,"column":32},"end":{"line":206,"column":7}},"line":194},"46":{"name":"getUserApi","decl":{"start":{"line":210,"column":26},"end":{"line":215,"column":5}},"loc":{"start":{"line":210,"column":26},"end":{"line":215,"column":5}},"line":210},"47":{"name":"updateUserApi","decl":{"start":{"line":217,"column":29},"end":{"line":225,"column":5}},"loc":{"start":{"line":217,"column":29},"end":{"line":225,"column":5}},"line":217},"48":{"name":"logoutApi","decl":{"start":{"line":227,"column":25},"end":{"line":236,"column":60}},"loc":{"start":{"line":227,"column":25},"end":{"line":236,"column":60}},"line":227}},"f":{"0":7,"1":0,"2":0,"3":91,"4":0,"5":0,"6":0,"7":0,"8":0,"9":0,"10":14,"11":0,"12":0,"13":0,"14":0,"15":0,"16":0,"17":7,"18":0,"19":0,"20":7,"21":0,"22":0,"23":0,"24":0,"25":0,"26":0,"27":0,"28":0,"29":0,"30":0,"31":0,"32":0,"33":7,"34":0,"35":0,"36":0,"37":0,"38":0,"39":0,"40":0,"41":0,"42":0,"43":0,"44":0,"45":0,"46":0,"47":0,"48":0}}
,"/Users/paul/Desktop/dev/stellar-burger/stellar-burgers/src/utils/cookie.ts": {"path":"/Users/paul/Desktop/dev/stellar-burger/stellar-burgers/src/utils/cookie.ts","all":false,"statementMap":{"0":{"start":{"line":1,"column":0},"end":{"line":1,"column":61}},"1":{"start":{"line":2,"column":0},"end":{"line":2,"column":40}},"2":{"start":{"line":3,"column":0},"end":{"line":3,"column":15}},"3":{"start":{"line":4,"column":0},"end":{"line":4,"column":18}},"4":{"start":{"line":5,"column":0},"end":{"line":5,"column":53}},"5":{"start":{"line":6,"column":0},"end":{"line":6,"column":62}},"6":{"start":{"line":7,"column":0},"end":{"line":7,"column":18}},"7":{"start":{"line":8,"column":0},"end":{"line":8,"column":5}},"8":{"start":{"line":9,"column":0},"end":{"line":9,"column":4}},"9":{"start":{"line":10,"column":0},"end":{"line":10,"column":62}},"10":{"start":{"line":11,"column":0},"end":{"line":11,"column":1}},"11":{"start":{"line":12,"column":0},"end":{"line":12,"column":0}},"12":{"start":{"line":13,"column":0},"end":{"line":13,"column":26}},"13":{"start":{"line":14,"column":0},"end":{"line":14,"column":15}},"14":{"start":{"line":15,"column":0},"end":{"line":15,"column":16}},"15":{"start":{"line":16,"column":0},"end":{"line":16,"column":65}},"16":{"start":{"line":17,"column":0},"end":{"line":17,"column":3}},"17":{"start":{"line":18,"column":0},"end":{"line":18,"column":11}},"18":{"start":{"line":19,"column":0},"end":{"line":19,"column":14}},"19":{"start":{"line":20,"column":0},"end":{"line":20,"column":12}},"20":{"start":{"line":21,"column":0},"end":{"line":21,"column":4}},"21":{"start":{"line":22,"column":0},"end":{"line":22,"column":0}},"22":{"start":{"line":23,"column":0},"end":{"line":23,"column":26}},"23":{"start":{"line":24,"column":0},"end":{"line":24,"column":39}},"24":{"start":{"line":25,"column":0},"end":{"line":25,"column":25}},"25":{"start":{"line":26,"column":0},"end":{"line":26,"column":40}},"26":{"start":{"line":27,"column":0},"end":{"line":27,"column":28}},"27":{"start":{"line":28,"column":0},"end":{"line":28,"column":3}},"28":{"start":{"line":29,"column":0},"end":{"line":29,"column":0}},"29":{"start":{"line":30,"column":0},"end":{"line":30,"column":35}},"30":{"start":{"line":31,"column":0},"end":{"line":31,"column":38}},"31":{"start":{"line":32,"column":0},"end":{"line":32,"column":3}},"32":{"start":{"line":33,"column":0},"end":{"line":33,"column":36}},"33":{"start":{"line":34,"column":0},"end":{"line":34,"column":41}},"34":{"start":{"line":35,"column":0},"end":{"line":35,"column":33}},"35":{"start":{"line":36,"column":0},"end":{"line":36,"column":37}},"36":{"start":{"line":37,"column":0},"end":{"line":37,"column":38}},"37":{"start":{"line":38,"column":0},"end":{"line":38,"column":29}},"38":{"start":{"line":39,"column":0},"end":{"line":39,"column":39}},"39":{"start":{"line":40,"column":0},"end":{"line":40,"column":5}},"40":{"start":{"line":41,"column":0},"end":{"line":41,"column":3}},"41":{"start":{"line":42,"column":0},"end":{"line":42,"column":34}},"42":{"start":{"line":43,"column":0},"end":{"line":43,"column":1}},"43":{"start":{"line":44,"column":0},"end":{"line":44,"column":0}},"44":{"start":{"line":45,"column":0},"end":{"line":45,"column":44}},"45":{"start":{"line":46,"column":0},"end":{"line":46,"column":39}},"46":{"start":{"line":47,"column":0},"end":{"line":47,"column":1}}},"s":{"0":1,"1":0,"2":0,"3":0,"4":0,"5":0,"6":0,"7":0,"8":0,"9":0,"10":0,"11":1,"12":1,"13":0,"14":0,"15":0,"16":0,"17":0,"18":0,"19":0,"20":0,"21":0,"22":0,"23":0,"24":0,"25":0,"26":0,"27":0,"28":0,"29":0,"30":0,"31":0,"32":0,"33":0,"34":0,"35":0,"36":0,"37":0,"38":0,"39":0,"40":0,"41":0,"42":0,"43":1,"44":1,"45":0,"46":0},"branchMap":{},"b":{},"fnMap":{"0":{"name":"getCookie","decl":{"start":{"line":1,"column":7},"end":{"line":11,"column":1}},"loc":{"start":{"line":1,"column":7},"end":{"line":11,"column":1}},"line":1},"1":{"name":"setCookie","decl":{"start":{"line":13,"column":7},"end":{"line":43,"column":1}},"loc":{"start":{"line":13,"column":7},"end":{"line":43,"column":1}},"line":13},"2":{"name":"deleteCookie","decl":{"start":{"line":45,"column":7},"end":{"line":47,"column":1}},"loc":{"start":{"line":45,"column":7},"end":{"line":47,"column":1}},"line":45}},"f":{"0":0,"1":0,"2":0}}
}
